[${project.name}][${env:SERVER_PORT}] 2023-08-30 23:07:56,024 INFO [main][StartupInfoLogger.java:55] - Starting BatchApplication on LAPTOP-E8A9G982 with PID 17472 (D:\Projects\backend3\backend\target\classes started by 18813 in D:\Projects\backend3\backend)
[${project.name}][${env:SERVER_PORT}] 2023-08-30 23:07:56,034 INFO [main][SpringApplication.java:651] - No active profile set, falling back to default profiles: default
[${project.name}][${env:SERVER_PORT}] 2023-08-30 23:07:56,523 INFO [main][RepositoryConfigurationDelegate.java:127] - Bootstrapping Spring Data JPA repositories in DEFAULT mode.
[${project.name}][${env:SERVER_PORT}] 2023-08-30 23:07:56,595 INFO [main][RepositoryConfigurationDelegate.java:187] - Finished Spring Data repository scanning in 65ms. Found 5 JPA repository interfaces.
[${project.name}][${env:SERVER_PORT}] 2023-08-30 23:07:57,029 INFO [main][TomcatWebServer.java:108] - Tomcat initialized with port(s): 8080 (http)
[${project.name}][${env:SERVER_PORT}] 2023-08-30 23:07:57,036 INFO [main][DirectJDKLog.java:173] - Initializing ProtocolHandler ["http-nio-8080"]
[${project.name}][${env:SERVER_PORT}] 2023-08-30 23:07:57,036 INFO [main][DirectJDKLog.java:173] - Starting service [Tomcat]
[${project.name}][${env:SERVER_PORT}] 2023-08-30 23:07:57,036 INFO [main][DirectJDKLog.java:173] - Starting Servlet engine: [Apache Tomcat/9.0.41]
[${project.name}][${env:SERVER_PORT}] 2023-08-30 23:07:57,147 INFO [main][DirectJDKLog.java:173] - Initializing Spring embedded WebApplicationContext
[${project.name}][${env:SERVER_PORT}] 2023-08-30 23:07:57,147 INFO [main][ServletWebServerApplicationContext.java:285] - Root WebApplicationContext: initialization completed in 1079 ms
[${project.name}][${env:SERVER_PORT}] 2023-08-30 23:07:57,189 INFO [main][DruidDataSourceAutoConfigure.java:56] - Init DruidDataSource
[${project.name}][${env:SERVER_PORT}] 2023-08-30 23:07:57,288 INFO [main][DruidDataSource.java:1002] - {dataSource-1} inited
[${project.name}][${env:SERVER_PORT}] 2023-08-30 23:07:57,588 INFO [main][LogHelper.java:31] - HHH000204: Processing PersistenceUnitInfo [name: default]
[${project.name}][${env:SERVER_PORT}] 2023-08-30 23:07:57,638 INFO [main][Version.java:44] - HHH000412: Hibernate ORM core version 5.4.25.Final
[${project.name}][${env:SERVER_PORT}] 2023-08-30 23:07:57,745 INFO [main][JavaReflectionManager.java:56] - HCANN000001: Hibernate Commons Annotations {5.1.2.Final}
[${project.name}][${env:SERVER_PORT}] 2023-08-30 23:07:57,844 INFO [main][Dialect.java:175] - HHH000400: Using dialect: org.hibernate.dialect.MySQL57Dialect
[${project.name}][${env:SERVER_PORT}] 2023-08-30 23:07:58,304 INFO [main][JtaPlatformInitiator.java:52] - HHH000490: Using JtaPlatform implementation: [org.hibernate.engine.transaction.jta.platform.internal.NoJtaPlatform]
[${project.name}][${env:SERVER_PORT}] 2023-08-30 23:07:58,313 INFO [main][AbstractEntityManagerFactoryBean.java:419] - Initialized JPA EntityManagerFactory for persistence unit 'default'
[${project.name}][${env:SERVER_PORT}] 2023-08-30 23:07:58,664 INFO [main][ExecutorConfigurationSupport.java:181] - Initializing ExecutorService
[${project.name}][${env:SERVER_PORT}] 2023-08-30 23:07:58,665 INFO [main][ExecutorConfigurationSupport.java:181] - Initializing ExecutorService 'asyncFilmService'
[${project.name}][${env:SERVER_PORT}] 2023-08-30 23:07:58,968 WARN [main][JpaBaseConfiguration.java:220] - spring.jpa.open-in-view is enabled by default. Therefore, database queries may be performed during view rendering. Explicitly configure spring.jpa.open-in-view to disable this warning
[${project.name}][${env:SERVER_PORT}] 2023-08-30 23:07:59,224 INFO [main][DirectJDKLog.java:173] - Starting ProtocolHandler ["http-nio-8080"]
[${project.name}][${env:SERVER_PORT}] 2023-08-30 23:07:59,248 INFO [main][TomcatWebServer.java:220] - Tomcat started on port(s): 8080 (http) with context path ''
[${project.name}][${env:SERVER_PORT}] 2023-08-30 23:07:59,256 INFO [main][StartupInfoLogger.java:61] - Started BatchApplication in 3.597 seconds (JVM running for 5.019)
[${project.name}][${env:SERVER_PORT}] 2023-08-30 23:08:00,000 INFO [SpringContextShutdownHook][ExecutorConfigurationSupport.java:218] - Shutting down ExecutorService 'asyncFilmService'
[${project.name}][${env:SERVER_PORT}] 2023-08-30 23:08:00,001 INFO [SpringContextShutdownHook][AbstractEntityManagerFactoryBean.java:601] - Closing JPA EntityManagerFactory for persistence unit 'default'
[${project.name}][${env:SERVER_PORT}] 2023-08-30 23:08:00,003 INFO [SpringContextShutdownHook][DruidDataSource.java:1885] - {dataSource-1} closing ...
[${project.name}][${env:SERVER_PORT}] 2023-08-30 23:08:00,004 INFO [SpringContextShutdownHook][DruidDataSource.java:1955] - {dataSource-1} closed
[${project.name}][${env:SERVER_PORT}] 2023-08-30 23:10:18,129 INFO [main][StartupInfoLogger.java:55] - Starting BatchApplication on LAPTOP-E8A9G982 with PID 4696 (D:\Projects\backend3\backend\target\classes started by 18813 in D:\Projects\backend3\backend)
[${project.name}][${env:SERVER_PORT}] 2023-08-30 23:10:18,138 INFO [main][SpringApplication.java:651] - No active profile set, falling back to default profiles: default
[${project.name}][${env:SERVER_PORT}] 2023-08-30 23:10:18,588 INFO [main][RepositoryConfigurationDelegate.java:127] - Bootstrapping Spring Data JPA repositories in DEFAULT mode.
[${project.name}][${env:SERVER_PORT}] 2023-08-30 23:10:18,655 INFO [main][RepositoryConfigurationDelegate.java:187] - Finished Spring Data repository scanning in 60ms. Found 5 JPA repository interfaces.
[${project.name}][${env:SERVER_PORT}] 2023-08-30 23:10:19,044 INFO [main][TomcatWebServer.java:108] - Tomcat initialized with port(s): 8080 (http)
[${project.name}][${env:SERVER_PORT}] 2023-08-30 23:10:19,050 INFO [main][DirectJDKLog.java:173] - Initializing ProtocolHandler ["http-nio-8080"]
[${project.name}][${env:SERVER_PORT}] 2023-08-30 23:10:19,050 INFO [main][DirectJDKLog.java:173] - Starting service [Tomcat]
[${project.name}][${env:SERVER_PORT}] 2023-08-30 23:10:19,051 INFO [main][DirectJDKLog.java:173] - Starting Servlet engine: [Apache Tomcat/9.0.41]
[${project.name}][${env:SERVER_PORT}] 2023-08-30 23:10:19,169 INFO [main][DirectJDKLog.java:173] - Initializing Spring embedded WebApplicationContext
[${project.name}][${env:SERVER_PORT}] 2023-08-30 23:10:19,169 INFO [main][ServletWebServerApplicationContext.java:285] - Root WebApplicationContext: initialization completed in 978 ms
[${project.name}][${env:SERVER_PORT}] 2023-08-30 23:10:19,205 INFO [main][DruidDataSourceAutoConfigure.java:56] - Init DruidDataSource
[${project.name}][${env:SERVER_PORT}] 2023-08-30 23:10:19,292 INFO [main][DruidDataSource.java:1002] - {dataSource-1} inited
[${project.name}][${env:SERVER_PORT}] 2023-08-30 23:10:19,587 INFO [main][LogHelper.java:31] - HHH000204: Processing PersistenceUnitInfo [name: default]
[${project.name}][${env:SERVER_PORT}] 2023-08-30 23:10:19,626 INFO [main][Version.java:44] - HHH000412: Hibernate ORM core version 5.4.25.Final
[${project.name}][${env:SERVER_PORT}] 2023-08-30 23:10:19,710 INFO [main][JavaReflectionManager.java:56] - HCANN000001: Hibernate Commons Annotations {5.1.2.Final}
[${project.name}][${env:SERVER_PORT}] 2023-08-30 23:10:19,787 INFO [main][Dialect.java:175] - HHH000400: Using dialect: org.hibernate.dialect.MySQL57Dialect
[${project.name}][${env:SERVER_PORT}] 2023-08-30 23:10:20,157 INFO [main][JtaPlatformInitiator.java:52] - HHH000490: Using JtaPlatform implementation: [org.hibernate.engine.transaction.jta.platform.internal.NoJtaPlatform]
[${project.name}][${env:SERVER_PORT}] 2023-08-30 23:10:20,164 INFO [main][AbstractEntityManagerFactoryBean.java:419] - Initialized JPA EntityManagerFactory for persistence unit 'default'
[${project.name}][${env:SERVER_PORT}] 2023-08-30 23:10:20,455 INFO [main][ExecutorConfigurationSupport.java:181] - Initializing ExecutorService
[${project.name}][${env:SERVER_PORT}] 2023-08-30 23:10:20,457 INFO [main][ExecutorConfigurationSupport.java:181] - Initializing ExecutorService 'asyncFilmService'
[${project.name}][${env:SERVER_PORT}] 2023-08-30 23:10:20,766 WARN [main][JpaBaseConfiguration.java:220] - spring.jpa.open-in-view is enabled by default. Therefore, database queries may be performed during view rendering. Explicitly configure spring.jpa.open-in-view to disable this warning
[${project.name}][${env:SERVER_PORT}] 2023-08-30 23:10:21,016 INFO [main][DirectJDKLog.java:173] - Starting ProtocolHandler ["http-nio-8080"]
[${project.name}][${env:SERVER_PORT}] 2023-08-30 23:10:21,032 INFO [main][TomcatWebServer.java:220] - Tomcat started on port(s): 8080 (http) with context path ''
[${project.name}][${env:SERVER_PORT}] 2023-08-30 23:10:21,039 INFO [main][StartupInfoLogger.java:61] - Started BatchApplication in 3.214 seconds (JVM running for 4.497)
[${project.name}][${env:SERVER_PORT}] 2023-08-30 23:10:29,778 INFO [http-nio-8080-exec-1][DirectJDKLog.java:173] - Initializing Spring DispatcherServlet 'dispatcherServlet'
[${project.name}][${env:SERVER_PORT}] 2023-08-30 23:10:29,778 INFO [http-nio-8080-exec-1][FrameworkServlet.java:525] - Initializing Servlet 'dispatcherServlet'
[${project.name}][${env:SERVER_PORT}] 2023-08-30 23:10:29,784 INFO [http-nio-8080-exec-1][FrameworkServlet.java:547] - Completed initialization in 6 ms
[${project.name}][${env:SERVER_PORT}] 2023-08-30 23:10:40,986 INFO [main][StartupInfoLogger.java:55] - Starting BatchApplication on LAPTOP-E8A9G982 with PID 25336 (D:\Projects\backend3\backend\target\classes started by 18813 in D:\Projects\backend3\backend)
[${project.name}][${env:SERVER_PORT}] 2023-08-30 23:10:41,024 INFO [main][SpringApplication.java:651] - No active profile set, falling back to default profiles: default
[${project.name}][${env:SERVER_PORT}] 2023-08-30 23:10:41,509 INFO [main][RepositoryConfigurationDelegate.java:127] - Bootstrapping Spring Data JPA repositories in DEFAULT mode.
[${project.name}][${env:SERVER_PORT}] 2023-08-30 23:10:41,585 INFO [main][RepositoryConfigurationDelegate.java:187] - Finished Spring Data repository scanning in 69ms. Found 5 JPA repository interfaces.
[${project.name}][${env:SERVER_PORT}] 2023-08-30 23:10:42,031 INFO [main][TomcatWebServer.java:108] - Tomcat initialized with port(s): 8080 (http)
[${project.name}][${env:SERVER_PORT}] 2023-08-30 23:10:42,039 INFO [main][DirectJDKLog.java:173] - Initializing ProtocolHandler ["http-nio-8080"]
[${project.name}][${env:SERVER_PORT}] 2023-08-30 23:10:42,039 INFO [main][DirectJDKLog.java:173] - Starting service [Tomcat]
[${project.name}][${env:SERVER_PORT}] 2023-08-30 23:10:42,039 INFO [main][DirectJDKLog.java:173] - Starting Servlet engine: [Apache Tomcat/9.0.41]
[${project.name}][${env:SERVER_PORT}] 2023-08-30 23:10:42,154 INFO [main][DirectJDKLog.java:173] - Initializing Spring embedded WebApplicationContext
[${project.name}][${env:SERVER_PORT}] 2023-08-30 23:10:42,155 INFO [main][ServletWebServerApplicationContext.java:285] - Root WebApplicationContext: initialization completed in 1097 ms
[${project.name}][${env:SERVER_PORT}] 2023-08-30 23:10:42,196 INFO [main][DruidDataSourceAutoConfigure.java:56] - Init DruidDataSource
[${project.name}][${env:SERVER_PORT}] 2023-08-30 23:10:42,295 INFO [main][DruidDataSource.java:1002] - {dataSource-1} inited
[${project.name}][${env:SERVER_PORT}] 2023-08-30 23:10:42,591 INFO [main][LogHelper.java:31] - HHH000204: Processing PersistenceUnitInfo [name: default]
[${project.name}][${env:SERVER_PORT}] 2023-08-30 23:10:42,636 INFO [main][Version.java:44] - HHH000412: Hibernate ORM core version 5.4.25.Final
[${project.name}][${env:SERVER_PORT}] 2023-08-30 23:10:42,743 INFO [main][JavaReflectionManager.java:56] - HCANN000001: Hibernate Commons Annotations {5.1.2.Final}
[${project.name}][${env:SERVER_PORT}] 2023-08-30 23:10:42,845 INFO [main][Dialect.java:175] - HHH000400: Using dialect: org.hibernate.dialect.MySQL57Dialect
[${project.name}][${env:SERVER_PORT}] 2023-08-30 23:10:43,303 INFO [main][JtaPlatformInitiator.java:52] - HHH000490: Using JtaPlatform implementation: [org.hibernate.engine.transaction.jta.platform.internal.NoJtaPlatform]
[${project.name}][${env:SERVER_PORT}] 2023-08-30 23:10:43,312 INFO [main][AbstractEntityManagerFactoryBean.java:419] - Initialized JPA EntityManagerFactory for persistence unit 'default'
[${project.name}][${env:SERVER_PORT}] 2023-08-30 23:10:43,658 INFO [main][ExecutorConfigurationSupport.java:181] - Initializing ExecutorService
[${project.name}][${env:SERVER_PORT}] 2023-08-30 23:10:43,659 INFO [main][ExecutorConfigurationSupport.java:181] - Initializing ExecutorService 'asyncFilmService'
[${project.name}][${env:SERVER_PORT}] 2023-08-30 23:10:43,982 WARN [main][JpaBaseConfiguration.java:220] - spring.jpa.open-in-view is enabled by default. Therefore, database queries may be performed during view rendering. Explicitly configure spring.jpa.open-in-view to disable this warning
[${project.name}][${env:SERVER_PORT}] 2023-08-30 23:10:44,249 INFO [main][DirectJDKLog.java:173] - Starting ProtocolHandler ["http-nio-8080"]
[${project.name}][${env:SERVER_PORT}] 2023-08-30 23:10:44,269 INFO [main][TomcatWebServer.java:220] - Tomcat started on port(s): 8080 (http) with context path ''
[${project.name}][${env:SERVER_PORT}] 2023-08-30 23:10:44,277 INFO [main][StartupInfoLogger.java:61] - Started BatchApplication in 3.639 seconds (JVM running for 5.013)
[${project.name}][${env:SERVER_PORT}] 2023-08-30 23:10:50,391 INFO [http-nio-8080-exec-1][DirectJDKLog.java:173] - Initializing Spring DispatcherServlet 'dispatcherServlet'
[${project.name}][${env:SERVER_PORT}] 2023-08-30 23:10:50,391 INFO [http-nio-8080-exec-1][FrameworkServlet.java:525] - Initializing Servlet 'dispatcherServlet'
[${project.name}][${env:SERVER_PORT}] 2023-08-30 23:10:50,397 INFO [http-nio-8080-exec-1][FrameworkServlet.java:547] - Completed initialization in 6 ms
[${project.name}][${env:SERVER_PORT}] 2023-08-30 23:11:15,440 INFO [SpringContextShutdownHook][ExecutorConfigurationSupport.java:218] - Shutting down ExecutorService 'asyncFilmService'
[${project.name}][${env:SERVER_PORT}] 2023-08-30 23:11:15,450 INFO [SpringContextShutdownHook][AbstractEntityManagerFactoryBean.java:601] - Closing JPA EntityManagerFactory for persistence unit 'default'
[${project.name}][${env:SERVER_PORT}] 2023-08-30 23:11:15,453 INFO [SpringContextShutdownHook][DruidDataSource.java:1885] - {dataSource-1} closing ...
[${project.name}][${env:SERVER_PORT}] 2023-08-30 23:11:15,456 INFO [SpringContextShutdownHook][DruidDataSource.java:1955] - {dataSource-1} closed
[${project.name}][${env:SERVER_PORT}] 2023-08-30 23:11:29,649 INFO [main][StartupInfoLogger.java:55] - Starting BatchApplication on LAPTOP-E8A9G982 with PID 19892 (D:\Projects\backend3\backend\target\classes started by 18813 in D:\Projects\backend3\backend)
[${project.name}][${env:SERVER_PORT}] 2023-08-30 23:11:29,692 INFO [main][SpringApplication.java:651] - No active profile set, falling back to default profiles: default
[${project.name}][${env:SERVER_PORT}] 2023-08-30 23:11:30,183 INFO [main][RepositoryConfigurationDelegate.java:127] - Bootstrapping Spring Data JPA repositories in DEFAULT mode.
[${project.name}][${env:SERVER_PORT}] 2023-08-30 23:11:30,265 INFO [main][RepositoryConfigurationDelegate.java:187] - Finished Spring Data repository scanning in 75ms. Found 5 JPA repository interfaces.
[${project.name}][${env:SERVER_PORT}] 2023-08-30 23:11:30,680 INFO [main][TomcatWebServer.java:108] - Tomcat initialized with port(s): 8080 (http)
[${project.name}][${env:SERVER_PORT}] 2023-08-30 23:11:30,687 INFO [main][DirectJDKLog.java:173] - Initializing ProtocolHandler ["http-nio-8080"]
[${project.name}][${env:SERVER_PORT}] 2023-08-30 23:11:30,687 INFO [main][DirectJDKLog.java:173] - Starting service [Tomcat]
[${project.name}][${env:SERVER_PORT}] 2023-08-30 23:11:30,688 INFO [main][DirectJDKLog.java:173] - Starting Servlet engine: [Apache Tomcat/9.0.41]
[${project.name}][${env:SERVER_PORT}] 2023-08-30 23:11:30,801 INFO [main][DirectJDKLog.java:173] - Initializing Spring embedded WebApplicationContext
[${project.name}][${env:SERVER_PORT}] 2023-08-30 23:11:30,802 INFO [main][ServletWebServerApplicationContext.java:285] - Root WebApplicationContext: initialization completed in 1076 ms
[${project.name}][${env:SERVER_PORT}] 2023-08-30 23:11:30,843 INFO [main][DruidDataSourceAutoConfigure.java:56] - Init DruidDataSource
[${project.name}][${env:SERVER_PORT}] 2023-08-30 23:11:30,955 INFO [main][DruidDataSource.java:1002] - {dataSource-1} inited
[${project.name}][${env:SERVER_PORT}] 2023-08-30 23:11:31,317 INFO [main][LogHelper.java:31] - HHH000204: Processing PersistenceUnitInfo [name: default]
[${project.name}][${env:SERVER_PORT}] 2023-08-30 23:11:31,375 INFO [main][Version.java:44] - HHH000412: Hibernate ORM core version 5.4.25.Final
[${project.name}][${env:SERVER_PORT}] 2023-08-30 23:11:31,481 INFO [main][JavaReflectionManager.java:56] - HCANN000001: Hibernate Commons Annotations {5.1.2.Final}
[${project.name}][${env:SERVER_PORT}] 2023-08-30 23:11:31,582 INFO [main][Dialect.java:175] - HHH000400: Using dialect: org.hibernate.dialect.MySQL57Dialect
[${project.name}][${env:SERVER_PORT}] 2023-08-30 23:11:32,032 INFO [main][JtaPlatformInitiator.java:52] - HHH000490: Using JtaPlatform implementation: [org.hibernate.engine.transaction.jta.platform.internal.NoJtaPlatform]
[${project.name}][${env:SERVER_PORT}] 2023-08-30 23:11:32,040 INFO [main][AbstractEntityManagerFactoryBean.java:419] - Initialized JPA EntityManagerFactory for persistence unit 'default'
[${project.name}][${env:SERVER_PORT}] 2023-08-30 23:11:32,366 INFO [main][ExecutorConfigurationSupport.java:181] - Initializing ExecutorService
[${project.name}][${env:SERVER_PORT}] 2023-08-30 23:11:32,367 INFO [main][ExecutorConfigurationSupport.java:181] - Initializing ExecutorService 'asyncFilmService'
[${project.name}][${env:SERVER_PORT}] 2023-08-30 23:11:32,674 WARN [main][JpaBaseConfiguration.java:220] - spring.jpa.open-in-view is enabled by default. Therefore, database queries may be performed during view rendering. Explicitly configure spring.jpa.open-in-view to disable this warning
[${project.name}][${env:SERVER_PORT}] 2023-08-30 23:11:32,951 INFO [main][DirectJDKLog.java:173] - Starting ProtocolHandler ["http-nio-8080"]
[${project.name}][${env:SERVER_PORT}] 2023-08-30 23:11:32,986 INFO [main][TomcatWebServer.java:220] - Tomcat started on port(s): 8080 (http) with context path ''
[${project.name}][${env:SERVER_PORT}] 2023-08-30 23:11:32,994 INFO [main][StartupInfoLogger.java:61] - Started BatchApplication in 3.683 seconds (JVM running for 5.103)
[${project.name}][${env:SERVER_PORT}] 2023-08-30 23:11:37,322 INFO [http-nio-8080-exec-2][DirectJDKLog.java:173] - Initializing Spring DispatcherServlet 'dispatcherServlet'
[${project.name}][${env:SERVER_PORT}] 2023-08-30 23:11:37,322 INFO [http-nio-8080-exec-2][FrameworkServlet.java:525] - Initializing Servlet 'dispatcherServlet'
[${project.name}][${env:SERVER_PORT}] 2023-08-30 23:11:37,327 INFO [http-nio-8080-exec-2][FrameworkServlet.java:547] - Completed initialization in 5 ms
[${project.name}][${env:SERVER_PORT}] 2023-08-30 23:11:38,201 WARN [http-nio-8080-exec-2][SqlExceptionHelper.java:137] - SQL Error: 1264, SQLState: 22001
[${project.name}][${env:SERVER_PORT}] 2023-08-30 23:11:38,202 ERROR [http-nio-8080-exec-2][SqlExceptionHelper.java:142] - Data truncation: #22003
[${project.name}][${env:SERVER_PORT}] 2023-08-30 23:14:34,718 INFO [SpringContextShutdownHook][ExecutorConfigurationSupport.java:218] - Shutting down ExecutorService 'asyncFilmService'
[${project.name}][${env:SERVER_PORT}] 2023-08-30 23:14:34,719 INFO [SpringContextShutdownHook][AbstractEntityManagerFactoryBean.java:601] - Closing JPA EntityManagerFactory for persistence unit 'default'
[${project.name}][${env:SERVER_PORT}] 2023-08-30 23:14:34,722 INFO [SpringContextShutdownHook][DruidDataSource.java:1885] - {dataSource-1} closing ...
[${project.name}][${env:SERVER_PORT}] 2023-08-30 23:14:34,724 INFO [SpringContextShutdownHook][DruidDataSource.java:1955] - {dataSource-1} closed
[${project.name}][${env:SERVER_PORT}] 2023-08-30 23:14:38,243 INFO [main][StartupInfoLogger.java:55] - Starting BatchApplication on LAPTOP-E8A9G982 with PID 23572 (D:\Projects\backend3\backend\target\classes started by 18813 in D:\Projects\backend3\backend)
[${project.name}][${env:SERVER_PORT}] 2023-08-30 23:14:38,279 INFO [main][SpringApplication.java:651] - No active profile set, falling back to default profiles: default
[${project.name}][${env:SERVER_PORT}] 2023-08-30 23:14:38,766 INFO [main][RepositoryConfigurationDelegate.java:127] - Bootstrapping Spring Data JPA repositories in DEFAULT mode.
[${project.name}][${env:SERVER_PORT}] 2023-08-30 23:14:38,837 INFO [main][RepositoryConfigurationDelegate.java:187] - Finished Spring Data repository scanning in 65ms. Found 5 JPA repository interfaces.
[${project.name}][${env:SERVER_PORT}] 2023-08-30 23:14:39,276 INFO [main][TomcatWebServer.java:108] - Tomcat initialized with port(s): 8080 (http)
[${project.name}][${env:SERVER_PORT}] 2023-08-30 23:14:39,283 INFO [main][DirectJDKLog.java:173] - Initializing ProtocolHandler ["http-nio-8080"]
[${project.name}][${env:SERVER_PORT}] 2023-08-30 23:14:39,284 INFO [main][DirectJDKLog.java:173] - Starting service [Tomcat]
[${project.name}][${env:SERVER_PORT}] 2023-08-30 23:14:39,284 INFO [main][DirectJDKLog.java:173] - Starting Servlet engine: [Apache Tomcat/9.0.41]
[${project.name}][${env:SERVER_PORT}] 2023-08-30 23:14:39,450 INFO [main][DirectJDKLog.java:173] - Initializing Spring embedded WebApplicationContext
[${project.name}][${env:SERVER_PORT}] 2023-08-30 23:14:39,450 INFO [main][ServletWebServerApplicationContext.java:285] - Root WebApplicationContext: initialization completed in 1137 ms
[${project.name}][${env:SERVER_PORT}] 2023-08-30 23:14:39,493 INFO [main][DruidDataSourceAutoConfigure.java:56] - Init DruidDataSource
[${project.name}][${env:SERVER_PORT}] 2023-08-30 23:14:39,594 INFO [main][DruidDataSource.java:1002] - {dataSource-1} inited
[${project.name}][${env:SERVER_PORT}] 2023-08-30 23:14:39,945 INFO [main][LogHelper.java:31] - HHH000204: Processing PersistenceUnitInfo [name: default]
[${project.name}][${env:SERVER_PORT}] 2023-08-30 23:14:39,997 INFO [main][Version.java:44] - HHH000412: Hibernate ORM core version 5.4.25.Final
[${project.name}][${env:SERVER_PORT}] 2023-08-30 23:14:40,125 INFO [main][JavaReflectionManager.java:56] - HCANN000001: Hibernate Commons Annotations {5.1.2.Final}
[${project.name}][${env:SERVER_PORT}] 2023-08-30 23:14:40,228 INFO [main][Dialect.java:175] - HHH000400: Using dialect: org.hibernate.dialect.MySQL57Dialect
[${project.name}][${env:SERVER_PORT}] 2023-08-30 23:14:40,686 INFO [main][JtaPlatformInitiator.java:52] - HHH000490: Using JtaPlatform implementation: [org.hibernate.engine.transaction.jta.platform.internal.NoJtaPlatform]
[${project.name}][${env:SERVER_PORT}] 2023-08-30 23:14:40,694 INFO [main][AbstractEntityManagerFactoryBean.java:419] - Initialized JPA EntityManagerFactory for persistence unit 'default'
[${project.name}][${env:SERVER_PORT}] 2023-08-30 23:14:41,048 INFO [main][ExecutorConfigurationSupport.java:181] - Initializing ExecutorService
[${project.name}][${env:SERVER_PORT}] 2023-08-30 23:14:41,049 INFO [main][ExecutorConfigurationSupport.java:181] - Initializing ExecutorService 'asyncFilmService'
[${project.name}][${env:SERVER_PORT}] 2023-08-30 23:14:41,376 WARN [main][JpaBaseConfiguration.java:220] - spring.jpa.open-in-view is enabled by default. Therefore, database queries may be performed during view rendering. Explicitly configure spring.jpa.open-in-view to disable this warning
[${project.name}][${env:SERVER_PORT}] 2023-08-30 23:14:41,660 INFO [main][DirectJDKLog.java:173] - Starting ProtocolHandler ["http-nio-8080"]
[${project.name}][${env:SERVER_PORT}] 2023-08-30 23:14:41,680 INFO [main][TomcatWebServer.java:220] - Tomcat started on port(s): 8080 (http) with context path ''
[${project.name}][${env:SERVER_PORT}] 2023-08-30 23:14:41,688 INFO [main][StartupInfoLogger.java:61] - Started BatchApplication in 3.767 seconds (JVM running for 5.194)
[${project.name}][${env:SERVER_PORT}] 2023-08-30 23:14:44,624 INFO [http-nio-8080-exec-2][DirectJDKLog.java:173] - Initializing Spring DispatcherServlet 'dispatcherServlet'
[${project.name}][${env:SERVER_PORT}] 2023-08-30 23:14:44,624 INFO [http-nio-8080-exec-2][FrameworkServlet.java:525] - Initializing Servlet 'dispatcherServlet'
[${project.name}][${env:SERVER_PORT}] 2023-08-30 23:14:44,629 INFO [http-nio-8080-exec-2][FrameworkServlet.java:547] - Completed initialization in 5 ms
[${project.name}][${env:SERVER_PORT}] 2023-08-30 23:14:53,942 WARN [http-nio-8080-exec-2][SqlExceptionHelper.java:137] - SQL Error: 1264, SQLState: 22001
[${project.name}][${env:SERVER_PORT}] 2023-08-30 23:14:53,942 ERROR [http-nio-8080-exec-2][SqlExceptionHelper.java:142] - Data truncation: #22003
[${project.name}][${env:SERVER_PORT}] 2023-08-30 23:14:54,356 INFO [SpringContextShutdownHook][ExecutorConfigurationSupport.java:218] - Shutting down ExecutorService 'asyncFilmService'
[${project.name}][${env:SERVER_PORT}] 2023-08-30 23:14:54,357 INFO [SpringContextShutdownHook][AbstractEntityManagerFactoryBean.java:601] - Closing JPA EntityManagerFactory for persistence unit 'default'
[${project.name}][${env:SERVER_PORT}] 2023-08-30 23:14:54,359 INFO [SpringContextShutdownHook][DruidDataSource.java:1885] - {dataSource-1} closing ...
[${project.name}][${env:SERVER_PORT}] 2023-08-30 23:14:54,361 INFO [SpringContextShutdownHook][DruidDataSource.java:1955] - {dataSource-1} closed
[${project.name}][${env:SERVER_PORT}] 2023-08-30 23:15:11,374 INFO [main][StartupInfoLogger.java:55] - Starting BatchApplication on LAPTOP-E8A9G982 with PID 21228 (D:\Projects\backend3\backend\target\classes started by 18813 in D:\Projects\backend3\backend)
[${project.name}][${env:SERVER_PORT}] 2023-08-30 23:15:11,390 INFO [main][SpringApplication.java:651] - No active profile set, falling back to default profiles: default
[${project.name}][${env:SERVER_PORT}] 2023-08-30 23:15:11,849 INFO [main][RepositoryConfigurationDelegate.java:127] - Bootstrapping Spring Data JPA repositories in DEFAULT mode.
[${project.name}][${env:SERVER_PORT}] 2023-08-30 23:15:11,911 INFO [main][RepositoryConfigurationDelegate.java:187] - Finished Spring Data repository scanning in 56ms. Found 5 JPA repository interfaces.
[${project.name}][${env:SERVER_PORT}] 2023-08-30 23:15:12,283 INFO [main][TomcatWebServer.java:108] - Tomcat initialized with port(s): 8080 (http)
[${project.name}][${env:SERVER_PORT}] 2023-08-30 23:15:12,289 INFO [main][DirectJDKLog.java:173] - Initializing ProtocolHandler ["http-nio-8080"]
[${project.name}][${env:SERVER_PORT}] 2023-08-30 23:15:12,290 INFO [main][DirectJDKLog.java:173] - Starting service [Tomcat]
[${project.name}][${env:SERVER_PORT}] 2023-08-30 23:15:12,290 INFO [main][DirectJDKLog.java:173] - Starting Servlet engine: [Apache Tomcat/9.0.41]
[${project.name}][${env:SERVER_PORT}] 2023-08-30 23:15:12,436 INFO [main][DirectJDKLog.java:173] - Initializing Spring embedded WebApplicationContext
[${project.name}][${env:SERVER_PORT}] 2023-08-30 23:15:12,436 INFO [main][ServletWebServerApplicationContext.java:285] - Root WebApplicationContext: initialization completed in 990 ms
[${project.name}][${env:SERVER_PORT}] 2023-08-30 23:15:12,472 INFO [main][DruidDataSourceAutoConfigure.java:56] - Init DruidDataSource
[${project.name}][${env:SERVER_PORT}] 2023-08-30 23:15:12,562 INFO [main][DruidDataSource.java:1002] - {dataSource-1} inited
[${project.name}][${env:SERVER_PORT}] 2023-08-30 23:15:12,870 INFO [main][LogHelper.java:31] - HHH000204: Processing PersistenceUnitInfo [name: default]
[${project.name}][${env:SERVER_PORT}] 2023-08-30 23:15:12,901 INFO [main][Version.java:44] - HHH000412: Hibernate ORM core version 5.4.25.Final
[${project.name}][${env:SERVER_PORT}] 2023-08-30 23:15:12,987 INFO [main][JavaReflectionManager.java:56] - HCANN000001: Hibernate Commons Annotations {5.1.2.Final}
[${project.name}][${env:SERVER_PORT}] 2023-08-30 23:15:13,074 INFO [main][Dialect.java:175] - HHH000400: Using dialect: org.hibernate.dialect.MySQL57Dialect
[${project.name}][${env:SERVER_PORT}] 2023-08-30 23:15:13,494 INFO [main][JtaPlatformInitiator.java:52] - HHH000490: Using JtaPlatform implementation: [org.hibernate.engine.transaction.jta.platform.internal.NoJtaPlatform]
[${project.name}][${env:SERVER_PORT}] 2023-08-30 23:15:13,501 INFO [main][AbstractEntityManagerFactoryBean.java:419] - Initialized JPA EntityManagerFactory for persistence unit 'default'
[${project.name}][${env:SERVER_PORT}] 2023-08-30 23:15:13,830 INFO [main][ExecutorConfigurationSupport.java:181] - Initializing ExecutorService
[${project.name}][${env:SERVER_PORT}] 2023-08-30 23:15:13,831 INFO [main][ExecutorConfigurationSupport.java:181] - Initializing ExecutorService 'asyncFilmService'
[${project.name}][${env:SERVER_PORT}] 2023-08-30 23:15:14,158 WARN [main][JpaBaseConfiguration.java:220] - spring.jpa.open-in-view is enabled by default. Therefore, database queries may be performed during view rendering. Explicitly configure spring.jpa.open-in-view to disable this warning
[${project.name}][${env:SERVER_PORT}] 2023-08-30 23:15:14,411 INFO [main][DirectJDKLog.java:173] - Starting ProtocolHandler ["http-nio-8080"]
[${project.name}][${env:SERVER_PORT}] 2023-08-30 23:15:14,428 INFO [main][TomcatWebServer.java:220] - Tomcat started on port(s): 8080 (http) with context path ''
[${project.name}][${env:SERVER_PORT}] 2023-08-30 23:15:14,435 INFO [main][StartupInfoLogger.java:61] - Started BatchApplication in 3.333 seconds (JVM running for 4.622)
[${project.name}][${env:SERVER_PORT}] 2023-08-30 23:15:19,226 INFO [http-nio-8080-exec-4][DirectJDKLog.java:173] - Initializing Spring DispatcherServlet 'dispatcherServlet'
[${project.name}][${env:SERVER_PORT}] 2023-08-30 23:15:19,226 INFO [http-nio-8080-exec-4][FrameworkServlet.java:525] - Initializing Servlet 'dispatcherServlet'
[${project.name}][${env:SERVER_PORT}] 2023-08-30 23:15:19,233 INFO [http-nio-8080-exec-4][FrameworkServlet.java:547] - Completed initialization in 7 ms
[${project.name}][${env:SERVER_PORT}] 2023-08-30 23:16:49,309 INFO [main][StartupInfoLogger.java:55] - Starting BatchApplication on LAPTOP-E8A9G982 with PID 8692 (D:\Projects\backend3\backend\target\classes started by 18813 in D:\Projects\backend3\backend)
[${project.name}][${env:SERVER_PORT}] 2023-08-30 23:16:49,325 INFO [main][SpringApplication.java:651] - No active profile set, falling back to default profiles: default
[${project.name}][${env:SERVER_PORT}] 2023-08-30 23:16:49,783 INFO [main][RepositoryConfigurationDelegate.java:127] - Bootstrapping Spring Data JPA repositories in DEFAULT mode.
[${project.name}][${env:SERVER_PORT}] 2023-08-30 23:16:49,845 INFO [main][RepositoryConfigurationDelegate.java:187] - Finished Spring Data repository scanning in 56ms. Found 5 JPA repository interfaces.
[${project.name}][${env:SERVER_PORT}] 2023-08-30 23:16:50,215 INFO [main][TomcatWebServer.java:108] - Tomcat initialized with port(s): 8080 (http)
[${project.name}][${env:SERVER_PORT}] 2023-08-30 23:16:50,222 INFO [main][DirectJDKLog.java:173] - Initializing ProtocolHandler ["http-nio-8080"]
[${project.name}][${env:SERVER_PORT}] 2023-08-30 23:16:50,222 INFO [main][DirectJDKLog.java:173] - Starting service [Tomcat]
[${project.name}][${env:SERVER_PORT}] 2023-08-30 23:16:50,223 INFO [main][DirectJDKLog.java:173] - Starting Servlet engine: [Apache Tomcat/9.0.41]
[${project.name}][${env:SERVER_PORT}] 2023-08-30 23:16:50,390 INFO [main][DirectJDKLog.java:173] - Initializing Spring embedded WebApplicationContext
[${project.name}][${env:SERVER_PORT}] 2023-08-30 23:16:50,391 INFO [main][ServletWebServerApplicationContext.java:285] - Root WebApplicationContext: initialization completed in 1011 ms
[${project.name}][${env:SERVER_PORT}] 2023-08-30 23:16:50,427 INFO [main][DruidDataSourceAutoConfigure.java:56] - Init DruidDataSource
[${project.name}][${env:SERVER_PORT}] 2023-08-30 23:16:50,516 INFO [main][DruidDataSource.java:1002] - {dataSource-1} inited
[${project.name}][${env:SERVER_PORT}] 2023-08-30 23:16:50,831 INFO [main][LogHelper.java:31] - HHH000204: Processing PersistenceUnitInfo [name: default]
[${project.name}][${env:SERVER_PORT}] 2023-08-30 23:16:50,871 INFO [main][Version.java:44] - HHH000412: Hibernate ORM core version 5.4.25.Final
[${project.name}][${env:SERVER_PORT}] 2023-08-30 23:16:50,958 INFO [main][JavaReflectionManager.java:56] - HCANN000001: Hibernate Commons Annotations {5.1.2.Final}
[${project.name}][${env:SERVER_PORT}] 2023-08-30 23:16:51,038 INFO [main][Dialect.java:175] - HHH000400: Using dialect: org.hibernate.dialect.MySQL57Dialect
[${project.name}][${env:SERVER_PORT}] 2023-08-30 23:16:51,412 INFO [main][JtaPlatformInitiator.java:52] - HHH000490: Using JtaPlatform implementation: [org.hibernate.engine.transaction.jta.platform.internal.NoJtaPlatform]
[${project.name}][${env:SERVER_PORT}] 2023-08-30 23:16:51,419 INFO [main][AbstractEntityManagerFactoryBean.java:419] - Initialized JPA EntityManagerFactory for persistence unit 'default'
[${project.name}][${env:SERVER_PORT}] 2023-08-30 23:16:51,711 INFO [main][ExecutorConfigurationSupport.java:181] - Initializing ExecutorService
[${project.name}][${env:SERVER_PORT}] 2023-08-30 23:16:51,713 INFO [main][ExecutorConfigurationSupport.java:181] - Initializing ExecutorService 'asyncFilmService'
[${project.name}][${env:SERVER_PORT}] 2023-08-30 23:16:52,020 WARN [main][JpaBaseConfiguration.java:220] - spring.jpa.open-in-view is enabled by default. Therefore, database queries may be performed during view rendering. Explicitly configure spring.jpa.open-in-view to disable this warning
[${project.name}][${env:SERVER_PORT}] 2023-08-30 23:16:52,265 INFO [main][DirectJDKLog.java:173] - Starting ProtocolHandler ["http-nio-8080"]
[${project.name}][${env:SERVER_PORT}] 2023-08-30 23:16:52,282 INFO [main][TomcatWebServer.java:220] - Tomcat started on port(s): 8080 (http) with context path ''
[${project.name}][${env:SERVER_PORT}] 2023-08-30 23:16:52,290 INFO [main][StartupInfoLogger.java:61] - Started BatchApplication in 3.243 seconds (JVM running for 4.512)
[${project.name}][${env:SERVER_PORT}] 2023-08-30 23:16:59,149 INFO [http-nio-8080-exec-1][DirectJDKLog.java:173] - Initializing Spring DispatcherServlet 'dispatcherServlet'
[${project.name}][${env:SERVER_PORT}] 2023-08-30 23:16:59,150 INFO [http-nio-8080-exec-1][FrameworkServlet.java:525] - Initializing Servlet 'dispatcherServlet'
[${project.name}][${env:SERVER_PORT}] 2023-08-30 23:16:59,155 INFO [http-nio-8080-exec-1][FrameworkServlet.java:547] - Completed initialization in 5 ms
[${project.name}][${env:SERVER_PORT}] 2023-08-30 23:18:42,008 INFO [main][StartupInfoLogger.java:55] - Starting BatchApplication on LAPTOP-E8A9G982 with PID 24288 (D:\Projects\backend3\backend\target\classes started by 18813 in D:\Projects\backend3\backend)
[${project.name}][${env:SERVER_PORT}] 2023-08-30 23:18:42,044 INFO [main][SpringApplication.java:651] - No active profile set, falling back to default profiles: default
[${project.name}][${env:SERVER_PORT}] 2023-08-30 23:18:42,558 INFO [main][RepositoryConfigurationDelegate.java:127] - Bootstrapping Spring Data JPA repositories in DEFAULT mode.
[${project.name}][${env:SERVER_PORT}] 2023-08-30 23:18:42,630 INFO [main][RepositoryConfigurationDelegate.java:187] - Finished Spring Data repository scanning in 65ms. Found 5 JPA repository interfaces.
[${project.name}][${env:SERVER_PORT}] 2023-08-30 23:18:43,075 INFO [main][TomcatWebServer.java:108] - Tomcat initialized with port(s): 8080 (http)
[${project.name}][${env:SERVER_PORT}] 2023-08-30 23:18:43,083 INFO [main][DirectJDKLog.java:173] - Initializing ProtocolHandler ["http-nio-8080"]
[${project.name}][${env:SERVER_PORT}] 2023-08-30 23:18:43,083 INFO [main][DirectJDKLog.java:173] - Starting service [Tomcat]
[${project.name}][${env:SERVER_PORT}] 2023-08-30 23:18:43,083 INFO [main][DirectJDKLog.java:173] - Starting Servlet engine: [Apache Tomcat/9.0.41]
[${project.name}][${env:SERVER_PORT}] 2023-08-30 23:18:43,252 INFO [main][DirectJDKLog.java:173] - Initializing Spring embedded WebApplicationContext
[${project.name}][${env:SERVER_PORT}] 2023-08-30 23:18:43,252 INFO [main][ServletWebServerApplicationContext.java:285] - Root WebApplicationContext: initialization completed in 1173 ms
[${project.name}][${env:SERVER_PORT}] 2023-08-30 23:18:43,295 INFO [main][DruidDataSourceAutoConfigure.java:56] - Init DruidDataSource
[${project.name}][${env:SERVER_PORT}] 2023-08-30 23:18:43,398 INFO [main][DruidDataSource.java:1002] - {dataSource-1} inited
[${project.name}][${env:SERVER_PORT}] 2023-08-30 23:18:43,720 INFO [main][LogHelper.java:31] - HHH000204: Processing PersistenceUnitInfo [name: default]
[${project.name}][${env:SERVER_PORT}] 2023-08-30 23:18:43,771 INFO [main][Version.java:44] - HHH000412: Hibernate ORM core version 5.4.25.Final
[${project.name}][${env:SERVER_PORT}] 2023-08-30 23:18:43,877 INFO [main][JavaReflectionManager.java:56] - HCANN000001: Hibernate Commons Annotations {5.1.2.Final}
[${project.name}][${env:SERVER_PORT}] 2023-08-30 23:18:43,978 INFO [main][Dialect.java:175] - HHH000400: Using dialect: org.hibernate.dialect.MySQL57Dialect
[${project.name}][${env:SERVER_PORT}] 2023-08-30 23:18:44,497 INFO [main][JtaPlatformInitiator.java:52] - HHH000490: Using JtaPlatform implementation: [org.hibernate.engine.transaction.jta.platform.internal.NoJtaPlatform]
[${project.name}][${env:SERVER_PORT}] 2023-08-30 23:18:44,507 INFO [main][AbstractEntityManagerFactoryBean.java:419] - Initialized JPA EntityManagerFactory for persistence unit 'default'
[${project.name}][${env:SERVER_PORT}] 2023-08-30 23:18:44,882 INFO [main][ExecutorConfigurationSupport.java:181] - Initializing ExecutorService
[${project.name}][${env:SERVER_PORT}] 2023-08-30 23:18:44,883 INFO [main][ExecutorConfigurationSupport.java:181] - Initializing ExecutorService 'asyncFilmService'
[${project.name}][${env:SERVER_PORT}] 2023-08-30 23:18:45,225 WARN [main][JpaBaseConfiguration.java:220] - spring.jpa.open-in-view is enabled by default. Therefore, database queries may be performed during view rendering. Explicitly configure spring.jpa.open-in-view to disable this warning
[${project.name}][${env:SERVER_PORT}] 2023-08-30 23:18:45,492 INFO [main][DirectJDKLog.java:173] - Starting ProtocolHandler ["http-nio-8080"]
[${project.name}][${env:SERVER_PORT}] 2023-08-30 23:18:45,511 INFO [main][TomcatWebServer.java:220] - Tomcat started on port(s): 8080 (http) with context path ''
[${project.name}][${env:SERVER_PORT}] 2023-08-30 23:18:45,519 INFO [main][StartupInfoLogger.java:61] - Started BatchApplication in 3.898 seconds (JVM running for 5.296)
[${project.name}][${env:SERVER_PORT}] 2023-08-30 23:18:46,278 INFO [http-nio-8080-exec-2][DirectJDKLog.java:173] - Initializing Spring DispatcherServlet 'dispatcherServlet'
[${project.name}][${env:SERVER_PORT}] 2023-08-30 23:18:46,278 INFO [http-nio-8080-exec-2][FrameworkServlet.java:525] - Initializing Servlet 'dispatcherServlet'
[${project.name}][${env:SERVER_PORT}] 2023-08-30 23:18:46,285 INFO [http-nio-8080-exec-2][FrameworkServlet.java:547] - Completed initialization in 7 ms
[${project.name}][${env:SERVER_PORT}] 2023-08-30 23:19:35,420 INFO [SpringContextShutdownHook][ExecutorConfigurationSupport.java:218] - Shutting down ExecutorService 'asyncFilmService'
[${project.name}][${env:SERVER_PORT}] 2023-08-30 23:19:35,421 INFO [SpringContextShutdownHook][AbstractEntityManagerFactoryBean.java:601] - Closing JPA EntityManagerFactory for persistence unit 'default'
[${project.name}][${env:SERVER_PORT}] 2023-08-30 23:19:35,423 INFO [SpringContextShutdownHook][DruidDataSource.java:1885] - {dataSource-1} closing ...
[${project.name}][${env:SERVER_PORT}] 2023-08-30 23:19:35,425 INFO [SpringContextShutdownHook][DruidDataSource.java:1955] - {dataSource-1} closed
[${project.name}][${env:SERVER_PORT}] 2023-08-30 23:19:41,653 INFO [main][StartupInfoLogger.java:55] - Starting BatchApplication on LAPTOP-E8A9G982 with PID 5104 (D:\Projects\backend3\backend\target\classes started by 18813 in D:\Projects\backend3\backend)
[${project.name}][${env:SERVER_PORT}] 2023-08-30 23:19:41,665 INFO [main][SpringApplication.java:651] - No active profile set, falling back to default profiles: default
[${project.name}][${env:SERVER_PORT}] 2023-08-30 23:19:42,220 INFO [main][RepositoryConfigurationDelegate.java:127] - Bootstrapping Spring Data JPA repositories in DEFAULT mode.
[${project.name}][${env:SERVER_PORT}] 2023-08-30 23:19:42,302 INFO [main][RepositoryConfigurationDelegate.java:187] - Finished Spring Data repository scanning in 73ms. Found 5 JPA repository interfaces.
[${project.name}][${env:SERVER_PORT}] 2023-08-30 23:19:42,747 INFO [main][TomcatWebServer.java:108] - Tomcat initialized with port(s): 8080 (http)
[${project.name}][${env:SERVER_PORT}] 2023-08-30 23:19:42,754 INFO [main][DirectJDKLog.java:173] - Initializing ProtocolHandler ["http-nio-8080"]
[${project.name}][${env:SERVER_PORT}] 2023-08-30 23:19:42,755 INFO [main][DirectJDKLog.java:173] - Starting service [Tomcat]
[${project.name}][${env:SERVER_PORT}] 2023-08-30 23:19:42,756 INFO [main][DirectJDKLog.java:173] - Starting Servlet engine: [Apache Tomcat/9.0.41]
[${project.name}][${env:SERVER_PORT}] 2023-08-30 23:19:42,926 INFO [main][DirectJDKLog.java:173] - Initializing Spring embedded WebApplicationContext
[${project.name}][${env:SERVER_PORT}] 2023-08-30 23:19:42,927 INFO [main][ServletWebServerApplicationContext.java:285] - Root WebApplicationContext: initialization completed in 1221 ms
[${project.name}][${env:SERVER_PORT}] 2023-08-30 23:19:42,969 INFO [main][DruidDataSourceAutoConfigure.java:56] - Init DruidDataSource
[${project.name}][${env:SERVER_PORT}] 2023-08-30 23:19:43,069 INFO [main][DruidDataSource.java:1002] - {dataSource-1} inited
[${project.name}][${env:SERVER_PORT}] 2023-08-30 23:19:43,448 INFO [main][LogHelper.java:31] - HHH000204: Processing PersistenceUnitInfo [name: default]
[${project.name}][${env:SERVER_PORT}] 2023-08-30 23:19:43,492 INFO [main][Version.java:44] - HHH000412: Hibernate ORM core version 5.4.25.Final
[${project.name}][${env:SERVER_PORT}] 2023-08-30 23:19:43,598 INFO [main][JavaReflectionManager.java:56] - HCANN000001: Hibernate Commons Annotations {5.1.2.Final}
[${project.name}][${env:SERVER_PORT}] 2023-08-30 23:19:43,740 INFO [main][Dialect.java:175] - HHH000400: Using dialect: org.hibernate.dialect.MySQL57Dialect
[${project.name}][${env:SERVER_PORT}] 2023-08-30 23:19:44,246 INFO [main][JtaPlatformInitiator.java:52] - HHH000490: Using JtaPlatform implementation: [org.hibernate.engine.transaction.jta.platform.internal.NoJtaPlatform]
[${project.name}][${env:SERVER_PORT}] 2023-08-30 23:19:44,255 INFO [main][AbstractEntityManagerFactoryBean.java:419] - Initialized JPA EntityManagerFactory for persistence unit 'default'
[${project.name}][${env:SERVER_PORT}] 2023-08-30 23:19:44,624 INFO [main][ExecutorConfigurationSupport.java:181] - Initializing ExecutorService
[${project.name}][${env:SERVER_PORT}] 2023-08-30 23:19:44,626 INFO [main][ExecutorConfigurationSupport.java:181] - Initializing ExecutorService 'asyncFilmService'
[${project.name}][${env:SERVER_PORT}] 2023-08-30 23:19:45,024 WARN [main][JpaBaseConfiguration.java:220] - spring.jpa.open-in-view is enabled by default. Therefore, database queries may be performed during view rendering. Explicitly configure spring.jpa.open-in-view to disable this warning
[${project.name}][${env:SERVER_PORT}] 2023-08-30 23:19:45,353 INFO [main][DirectJDKLog.java:173] - Starting ProtocolHandler ["http-nio-8080"]
[${project.name}][${env:SERVER_PORT}] 2023-08-30 23:19:45,374 INFO [main][TomcatWebServer.java:220] - Tomcat started on port(s): 8080 (http) with context path ''
[${project.name}][${env:SERVER_PORT}] 2023-08-30 23:19:45,383 INFO [main][StartupInfoLogger.java:61] - Started BatchApplication in 4.144 seconds (JVM running for 5.643)
[${project.name}][${env:SERVER_PORT}] 2023-08-30 23:20:21,492 INFO [http-nio-8080-exec-1][DirectJDKLog.java:173] - Initializing Spring DispatcherServlet 'dispatcherServlet'
[${project.name}][${env:SERVER_PORT}] 2023-08-30 23:20:21,493 INFO [http-nio-8080-exec-1][FrameworkServlet.java:525] - Initializing Servlet 'dispatcherServlet'
[${project.name}][${env:SERVER_PORT}] 2023-08-30 23:20:21,500 INFO [http-nio-8080-exec-1][FrameworkServlet.java:547] - Completed initialization in 7 ms
[${project.name}][${env:SERVER_PORT}] 2023-08-30 23:21:35,078 INFO [SpringContextShutdownHook][ExecutorConfigurationSupport.java:218] - Shutting down ExecutorService 'asyncFilmService'
[${project.name}][${env:SERVER_PORT}] 2023-08-30 23:21:35,080 INFO [SpringContextShutdownHook][AbstractEntityManagerFactoryBean.java:601] - Closing JPA EntityManagerFactory for persistence unit 'default'
[${project.name}][${env:SERVER_PORT}] 2023-08-30 23:21:35,081 INFO [SpringContextShutdownHook][DruidDataSource.java:1885] - {dataSource-1} closing ...
[${project.name}][${env:SERVER_PORT}] 2023-08-30 23:21:35,083 INFO [SpringContextShutdownHook][DruidDataSource.java:1955] - {dataSource-1} closed
[${project.name}][${env:SERVER_PORT}] 2023-08-30 23:28:29,686 INFO [main][StartupInfoLogger.java:55] - Starting BatchApplication on LAPTOP-E8A9G982 with PID 24940 (D:\Projects\backend3\backend\target\classes started by 18813 in D:\Projects\backend3\backend)
[${project.name}][${env:SERVER_PORT}] 2023-08-30 23:28:29,702 INFO [main][SpringApplication.java:651] - No active profile set, falling back to default profiles: default
[${project.name}][${env:SERVER_PORT}] 2023-08-30 23:28:30,167 INFO [main][RepositoryConfigurationDelegate.java:127] - Bootstrapping Spring Data JPA repositories in DEFAULT mode.
[${project.name}][${env:SERVER_PORT}] 2023-08-30 23:28:30,230 INFO [main][RepositoryConfigurationDelegate.java:187] - Finished Spring Data repository scanning in 57ms. Found 5 JPA repository interfaces.
[${project.name}][${env:SERVER_PORT}] 2023-08-30 23:28:30,602 INFO [main][TomcatWebServer.java:108] - Tomcat initialized with port(s): 8080 (http)
[${project.name}][${env:SERVER_PORT}] 2023-08-30 23:28:30,608 INFO [main][DirectJDKLog.java:173] - Initializing ProtocolHandler ["http-nio-8080"]
[${project.name}][${env:SERVER_PORT}] 2023-08-30 23:28:30,608 INFO [main][DirectJDKLog.java:173] - Starting service [Tomcat]
[${project.name}][${env:SERVER_PORT}] 2023-08-30 23:28:30,609 INFO [main][DirectJDKLog.java:173] - Starting Servlet engine: [Apache Tomcat/9.0.41]
[${project.name}][${env:SERVER_PORT}] 2023-08-30 23:28:30,720 INFO [main][DirectJDKLog.java:173] - Initializing Spring embedded WebApplicationContext
[${project.name}][${env:SERVER_PORT}] 2023-08-30 23:28:30,721 INFO [main][ServletWebServerApplicationContext.java:285] - Root WebApplicationContext: initialization completed in 962 ms
[${project.name}][${env:SERVER_PORT}] 2023-08-30 23:28:30,756 INFO [main][DruidDataSourceAutoConfigure.java:56] - Init DruidDataSource
[${project.name}][${env:SERVER_PORT}] 2023-08-30 23:28:30,844 INFO [main][DruidDataSource.java:1002] - {dataSource-1} inited
[${project.name}][${env:SERVER_PORT}] 2023-08-30 23:28:31,164 INFO [main][LogHelper.java:31] - HHH000204: Processing PersistenceUnitInfo [name: default]
[${project.name}][${env:SERVER_PORT}] 2023-08-30 23:28:31,202 INFO [main][Version.java:44] - HHH000412: Hibernate ORM core version 5.4.25.Final
[${project.name}][${env:SERVER_PORT}] 2023-08-30 23:28:31,288 INFO [main][JavaReflectionManager.java:56] - HCANN000001: Hibernate Commons Annotations {5.1.2.Final}
[${project.name}][${env:SERVER_PORT}] 2023-08-30 23:28:31,365 INFO [main][Dialect.java:175] - HHH000400: Using dialect: org.hibernate.dialect.MySQL57Dialect
[${project.name}][${env:SERVER_PORT}] 2023-08-30 23:28:31,837 INFO [main][JtaPlatformInitiator.java:52] - HHH000490: Using JtaPlatform implementation: [org.hibernate.engine.transaction.jta.platform.internal.NoJtaPlatform]
[${project.name}][${env:SERVER_PORT}] 2023-08-30 23:28:31,844 INFO [main][AbstractEntityManagerFactoryBean.java:419] - Initialized JPA EntityManagerFactory for persistence unit 'default'
[${project.name}][${env:SERVER_PORT}] 2023-08-30 23:28:32,150 INFO [main][ExecutorConfigurationSupport.java:181] - Initializing ExecutorService
[${project.name}][${env:SERVER_PORT}] 2023-08-30 23:28:32,151 INFO [main][ExecutorConfigurationSupport.java:181] - Initializing ExecutorService 'asyncFilmService'
[${project.name}][${env:SERVER_PORT}] 2023-08-30 23:28:32,467 WARN [main][JpaBaseConfiguration.java:220] - spring.jpa.open-in-view is enabled by default. Therefore, database queries may be performed during view rendering. Explicitly configure spring.jpa.open-in-view to disable this warning
[${project.name}][${env:SERVER_PORT}] 2023-08-30 23:28:32,716 INFO [main][DirectJDKLog.java:173] - Starting ProtocolHandler ["http-nio-8080"]
[${project.name}][${env:SERVER_PORT}] 2023-08-30 23:28:32,732 INFO [main][TomcatWebServer.java:220] - Tomcat started on port(s): 8080 (http) with context path ''
[${project.name}][${env:SERVER_PORT}] 2023-08-30 23:28:32,739 INFO [main][StartupInfoLogger.java:61] - Started BatchApplication in 3.339 seconds (JVM running for 4.523)
[${project.name}][${env:SERVER_PORT}] 2023-08-30 23:28:50,034 INFO [http-nio-8080-exec-1][DirectJDKLog.java:173] - Initializing Spring DispatcherServlet 'dispatcherServlet'
[${project.name}][${env:SERVER_PORT}] 2023-08-30 23:28:50,034 INFO [http-nio-8080-exec-1][FrameworkServlet.java:525] - Initializing Servlet 'dispatcherServlet'
[${project.name}][${env:SERVER_PORT}] 2023-08-30 23:28:50,039 INFO [http-nio-8080-exec-1][FrameworkServlet.java:547] - Completed initialization in 5 ms
