[${project.name}][${env:SERVER_PORT}] 2023-08-29 13:12:05,849 INFO [main][StartupInfoLogger.java:55] - Starting BatchApplication on LAPTOP-E8A9G982 with PID 6312 (D:\Projects\batch\batch\target\classes started by 18813 in D:\Projects\batch\batch)
[${project.name}][${env:SERVER_PORT}] 2023-08-29 13:12:05,882 INFO [main][SpringApplication.java:651] - No active profile set, falling back to default profiles: default
[${project.name}][${env:SERVER_PORT}] 2023-08-29 13:12:06,337 INFO [main][RepositoryConfigurationDelegate.java:127] - Bootstrapping Spring Data JPA repositories in DEFAULT mode.
[${project.name}][${env:SERVER_PORT}] 2023-08-29 13:12:06,390 INFO [main][RepositoryConfigurationDelegate.java:187] - Finished Spring Data repository scanning in 47ms. Found 2 JPA repository interfaces.
[${project.name}][${env:SERVER_PORT}] 2023-08-29 13:12:06,762 INFO [main][TomcatWebServer.java:108] - Tomcat initialized with port(s): 8080 (http)
[${project.name}][${env:SERVER_PORT}] 2023-08-29 13:12:06,768 INFO [main][DirectJDKLog.java:173] - Initializing ProtocolHandler ["http-nio-8080"]
[${project.name}][${env:SERVER_PORT}] 2023-08-29 13:12:06,769 INFO [main][DirectJDKLog.java:173] - Starting service [Tomcat]
[${project.name}][${env:SERVER_PORT}] 2023-08-29 13:12:06,769 INFO [main][DirectJDKLog.java:173] - Starting Servlet engine: [Apache Tomcat/9.0.41]
[${project.name}][${env:SERVER_PORT}] 2023-08-29 13:12:06,883 INFO [main][DirectJDKLog.java:173] - Initializing Spring embedded WebApplicationContext
[${project.name}][${env:SERVER_PORT}] 2023-08-29 13:12:06,883 INFO [main][ServletWebServerApplicationContext.java:285] - Root WebApplicationContext: initialization completed in 967 ms
[${project.name}][${env:SERVER_PORT}] 2023-08-29 13:12:06,922 INFO [main][DruidDataSourceAutoConfigure.java:56] - Init DruidDataSource
[${project.name}][${env:SERVER_PORT}] 2023-08-29 13:12:07,012 INFO [main][DruidDataSource.java:1002] - {dataSource-1} inited
[${project.name}][${env:SERVER_PORT}] 2023-08-29 13:12:07,696 INFO [main][LogHelper.java:31] - HHH000204: Processing PersistenceUnitInfo [name: default]
[${project.name}][${env:SERVER_PORT}] 2023-08-29 13:12:07,726 INFO [main][Version.java:44] - HHH000412: Hibernate ORM core version 5.4.25.Final
[${project.name}][${env:SERVER_PORT}] 2023-08-29 13:12:07,814 INFO [main][JavaReflectionManager.java:56] - HCANN000001: Hibernate Commons Annotations {5.1.2.Final}
[${project.name}][${env:SERVER_PORT}] 2023-08-29 13:12:07,895 INFO [main][Dialect.java:175] - HHH000400: Using dialect: org.hibernate.dialect.MySQL57Dialect
[${project.name}][${env:SERVER_PORT}] 2023-08-29 13:12:08,248 INFO [main][JtaPlatformInitiator.java:52] - HHH000490: Using JtaPlatform implementation: [org.hibernate.engine.transaction.jta.platform.internal.NoJtaPlatform]
[${project.name}][${env:SERVER_PORT}] 2023-08-29 13:12:08,255 INFO [main][AbstractEntityManagerFactoryBean.java:419] - Initialized JPA EntityManagerFactory for persistence unit 'default'
[${project.name}][${env:SERVER_PORT}] 2023-08-29 13:12:08,808 WARN [main][JpaBaseConfiguration.java:220] - spring.jpa.open-in-view is enabled by default. Therefore, database queries may be performed during view rendering. Explicitly configure spring.jpa.open-in-view to disable this warning
[${project.name}][${env:SERVER_PORT}] 2023-08-29 13:12:08,886 INFO [main][ExecutorConfigurationSupport.java:181] - Initializing ExecutorService 'applicationTaskExecutor'
[${project.name}][${env:SERVER_PORT}] 2023-08-29 13:12:09,014 WARN [main][JpaBatchConfigurer.java:57] - JPA does not support custom isolation levels, so locks may not be taken when launching Jobs
[${project.name}][${env:SERVER_PORT}] 2023-08-29 13:12:09,018 INFO [main][JobRepositoryFactoryBean.java:184] - No database type set, using meta data indicating: MYSQL
[${project.name}][${env:SERVER_PORT}] 2023-08-29 13:12:09,029 INFO [main][SimpleJobLauncher.java:209] - No TaskExecutor has been set, defaulting to synchronous executor.
[${project.name}][${env:SERVER_PORT}] 2023-08-29 13:12:09,083 INFO [main][DirectJDKLog.java:173] - Starting ProtocolHandler ["http-nio-8080"]
[${project.name}][${env:SERVER_PORT}] 2023-08-29 13:12:09,100 INFO [main][TomcatWebServer.java:220] - Tomcat started on port(s): 8080 (http) with context path ''
[${project.name}][${env:SERVER_PORT}] 2023-08-29 13:12:09,108 INFO [main][StartupInfoLogger.java:61] - Started BatchApplication in 3.586 seconds (JVM running for 4.939)
[${project.name}][${env:SERVER_PORT}] 2023-08-29 13:14:39,246 INFO [http-nio-8080-exec-1][DirectJDKLog.java:173] - Initializing Spring DispatcherServlet 'dispatcherServlet'
[${project.name}][${env:SERVER_PORT}] 2023-08-29 13:14:39,246 INFO [http-nio-8080-exec-1][FrameworkServlet.java:525] - Initializing Servlet 'dispatcherServlet'
[${project.name}][${env:SERVER_PORT}] 2023-08-29 13:14:39,250 INFO [http-nio-8080-exec-1][FrameworkServlet.java:547] - Completed initialization in 4 ms
[${project.name}][${env:SERVER_PORT}] 2023-08-29 13:16:51,772 INFO [main][StartupInfoLogger.java:55] - Starting BatchApplication on LAPTOP-E8A9G982 with PID 4728 (D:\Projects\batch\batch\target\classes started by 18813 in D:\Projects\batch\batch)
[${project.name}][${env:SERVER_PORT}] 2023-08-29 13:16:51,781 INFO [main][SpringApplication.java:651] - No active profile set, falling back to default profiles: default
[${project.name}][${env:SERVER_PORT}] 2023-08-29 13:16:52,270 INFO [main][RepositoryConfigurationDelegate.java:127] - Bootstrapping Spring Data JPA repositories in DEFAULT mode.
[${project.name}][${env:SERVER_PORT}] 2023-08-29 13:16:52,332 INFO [main][RepositoryConfigurationDelegate.java:187] - Finished Spring Data repository scanning in 55ms. Found 2 JPA repository interfaces.
[${project.name}][${env:SERVER_PORT}] 2023-08-29 13:16:52,727 INFO [main][TomcatWebServer.java:108] - Tomcat initialized with port(s): 8080 (http)
[${project.name}][${env:SERVER_PORT}] 2023-08-29 13:16:52,733 INFO [main][DirectJDKLog.java:173] - Initializing ProtocolHandler ["http-nio-8080"]
[${project.name}][${env:SERVER_PORT}] 2023-08-29 13:16:52,734 INFO [main][DirectJDKLog.java:173] - Starting service [Tomcat]
[${project.name}][${env:SERVER_PORT}] 2023-08-29 13:16:52,734 INFO [main][DirectJDKLog.java:173] - Starting Servlet engine: [Apache Tomcat/9.0.41]
[${project.name}][${env:SERVER_PORT}] 2023-08-29 13:16:52,847 INFO [main][DirectJDKLog.java:173] - Initializing Spring embedded WebApplicationContext
[${project.name}][${env:SERVER_PORT}] 2023-08-29 13:16:52,847 INFO [main][ServletWebServerApplicationContext.java:285] - Root WebApplicationContext: initialization completed in 1006 ms
[${project.name}][${env:SERVER_PORT}] 2023-08-29 13:16:52,885 INFO [main][DruidDataSourceAutoConfigure.java:56] - Init DruidDataSource
[${project.name}][${env:SERVER_PORT}] 2023-08-29 13:16:52,974 INFO [main][DruidDataSource.java:1002] - {dataSource-1} inited
[${project.name}][${env:SERVER_PORT}] 2023-08-29 13:16:53,907 INFO [main][LogHelper.java:31] - HHH000204: Processing PersistenceUnitInfo [name: default]
[${project.name}][${env:SERVER_PORT}] 2023-08-29 13:16:53,939 INFO [main][Version.java:44] - HHH000412: Hibernate ORM core version 5.4.25.Final
[${project.name}][${env:SERVER_PORT}] 2023-08-29 13:16:54,025 INFO [main][JavaReflectionManager.java:56] - HCANN000001: Hibernate Commons Annotations {5.1.2.Final}
[${project.name}][${env:SERVER_PORT}] 2023-08-29 13:16:54,106 INFO [main][Dialect.java:175] - HHH000400: Using dialect: org.hibernate.dialect.MySQL57Dialect
[${project.name}][${env:SERVER_PORT}] 2023-08-29 13:16:54,460 INFO [main][JtaPlatformInitiator.java:52] - HHH000490: Using JtaPlatform implementation: [org.hibernate.engine.transaction.jta.platform.internal.NoJtaPlatform]
[${project.name}][${env:SERVER_PORT}] 2023-08-29 13:16:54,466 INFO [main][AbstractEntityManagerFactoryBean.java:419] - Initialized JPA EntityManagerFactory for persistence unit 'default'
[${project.name}][${env:SERVER_PORT}] 2023-08-29 13:16:55,043 WARN [main][JpaBaseConfiguration.java:220] - spring.jpa.open-in-view is enabled by default. Therefore, database queries may be performed during view rendering. Explicitly configure spring.jpa.open-in-view to disable this warning
[${project.name}][${env:SERVER_PORT}] 2023-08-29 13:16:55,127 INFO [main][ExecutorConfigurationSupport.java:181] - Initializing ExecutorService 'applicationTaskExecutor'
[${project.name}][${env:SERVER_PORT}] 2023-08-29 13:16:55,255 WARN [main][JpaBatchConfigurer.java:57] - JPA does not support custom isolation levels, so locks may not be taken when launching Jobs
[${project.name}][${env:SERVER_PORT}] 2023-08-29 13:16:55,258 INFO [main][JobRepositoryFactoryBean.java:184] - No database type set, using meta data indicating: MYSQL
[${project.name}][${env:SERVER_PORT}] 2023-08-29 13:16:55,269 INFO [main][SimpleJobLauncher.java:209] - No TaskExecutor has been set, defaulting to synchronous executor.
[${project.name}][${env:SERVER_PORT}] 2023-08-29 13:16:55,324 INFO [main][DirectJDKLog.java:173] - Starting ProtocolHandler ["http-nio-8080"]
[${project.name}][${env:SERVER_PORT}] 2023-08-29 13:16:55,341 INFO [main][TomcatWebServer.java:220] - Tomcat started on port(s): 8080 (http) with context path ''
[${project.name}][${env:SERVER_PORT}] 2023-08-29 13:16:55,349 INFO [main][StartupInfoLogger.java:61] - Started BatchApplication in 3.869 seconds (JVM running for 5.068)
[${project.name}][${env:SERVER_PORT}] 2023-08-29 13:17:00,801 INFO [http-nio-8080-exec-2][DirectJDKLog.java:173] - Initializing Spring DispatcherServlet 'dispatcherServlet'
[${project.name}][${env:SERVER_PORT}] 2023-08-29 13:17:00,801 INFO [http-nio-8080-exec-2][FrameworkServlet.java:525] - Initializing Servlet 'dispatcherServlet'
[${project.name}][${env:SERVER_PORT}] 2023-08-29 13:17:00,806 INFO [http-nio-8080-exec-2][FrameworkServlet.java:547] - Completed initialization in 4 ms
[${project.name}][${env:SERVER_PORT}] 2023-08-29 13:17:01,052 WARN [http-nio-8080-exec-2][SqlExceptionHelper.java:137] - SQL Error: 1146, SQLState: 42S02
[${project.name}][${env:SERVER_PORT}] 2023-08-29 13:17:01,053 ERROR [http-nio-8080-exec-2][SqlExceptionHelper.java:142] - Unknown error 1146
[${project.name}][${env:SERVER_PORT}] 2023-08-29 13:17:06,700 WARN [http-nio-8080-exec-3][SqlExceptionHelper.java:137] - SQL Error: 1146, SQLState: 42S02
[${project.name}][${env:SERVER_PORT}] 2023-08-29 13:17:06,700 ERROR [http-nio-8080-exec-3][SqlExceptionHelper.java:142] - Unknown error 1146
[${project.name}][${env:SERVER_PORT}] 2023-08-29 13:17:56,114 INFO [main][StartupInfoLogger.java:55] - Starting BatchApplication on LAPTOP-E8A9G982 with PID 1520 (D:\Projects\batch\batch\target\classes started by 18813 in D:\Projects\batch\batch)
[${project.name}][${env:SERVER_PORT}] 2023-08-29 13:17:56,124 INFO [main][SpringApplication.java:651] - No active profile set, falling back to default profiles: default
[${project.name}][${env:SERVER_PORT}] 2023-08-29 13:17:56,583 INFO [main][RepositoryConfigurationDelegate.java:127] - Bootstrapping Spring Data JPA repositories in DEFAULT mode.
[${project.name}][${env:SERVER_PORT}] 2023-08-29 13:17:56,633 INFO [main][RepositoryConfigurationDelegate.java:187] - Finished Spring Data repository scanning in 44ms. Found 2 JPA repository interfaces.
[${project.name}][${env:SERVER_PORT}] 2023-08-29 13:17:56,995 INFO [main][TomcatWebServer.java:108] - Tomcat initialized with port(s): 8080 (http)
[${project.name}][${env:SERVER_PORT}] 2023-08-29 13:17:57,001 INFO [main][DirectJDKLog.java:173] - Initializing ProtocolHandler ["http-nio-8080"]
[${project.name}][${env:SERVER_PORT}] 2023-08-29 13:17:57,002 INFO [main][DirectJDKLog.java:173] - Starting service [Tomcat]
[${project.name}][${env:SERVER_PORT}] 2023-08-29 13:17:57,002 INFO [main][DirectJDKLog.java:173] - Starting Servlet engine: [Apache Tomcat/9.0.41]
[${project.name}][${env:SERVER_PORT}] 2023-08-29 13:17:57,120 INFO [main][DirectJDKLog.java:173] - Initializing Spring embedded WebApplicationContext
[${project.name}][${env:SERVER_PORT}] 2023-08-29 13:17:57,120 INFO [main][ServletWebServerApplicationContext.java:285] - Root WebApplicationContext: initialization completed in 942 ms
[${project.name}][${env:SERVER_PORT}] 2023-08-29 13:17:57,158 INFO [main][DruidDataSourceAutoConfigure.java:56] - Init DruidDataSource
[${project.name}][${env:SERVER_PORT}] 2023-08-29 13:17:57,246 INFO [main][DruidDataSource.java:1002] - {dataSource-1} inited
[${project.name}][${env:SERVER_PORT}] 2023-08-29 13:17:58,005 INFO [main][LogHelper.java:31] - HHH000204: Processing PersistenceUnitInfo [name: default]
[${project.name}][${env:SERVER_PORT}] 2023-08-29 13:17:58,036 INFO [main][Version.java:44] - HHH000412: Hibernate ORM core version 5.4.25.Final
[${project.name}][${env:SERVER_PORT}] 2023-08-29 13:17:58,131 INFO [main][JavaReflectionManager.java:56] - HCANN000001: Hibernate Commons Annotations {5.1.2.Final}
[${project.name}][${env:SERVER_PORT}] 2023-08-29 13:17:58,223 INFO [main][Dialect.java:175] - HHH000400: Using dialect: org.hibernate.dialect.MySQL57Dialect
[${project.name}][${env:SERVER_PORT}] 2023-08-29 13:17:58,613 INFO [main][JtaPlatformInitiator.java:52] - HHH000490: Using JtaPlatform implementation: [org.hibernate.engine.transaction.jta.platform.internal.NoJtaPlatform]
[${project.name}][${env:SERVER_PORT}] 2023-08-29 13:17:58,621 INFO [main][AbstractEntityManagerFactoryBean.java:419] - Initialized JPA EntityManagerFactory for persistence unit 'default'
[${project.name}][${env:SERVER_PORT}] 2023-08-29 13:17:59,244 WARN [main][JpaBaseConfiguration.java:220] - spring.jpa.open-in-view is enabled by default. Therefore, database queries may be performed during view rendering. Explicitly configure spring.jpa.open-in-view to disable this warning
[${project.name}][${env:SERVER_PORT}] 2023-08-29 13:17:59,329 INFO [main][ExecutorConfigurationSupport.java:181] - Initializing ExecutorService 'applicationTaskExecutor'
[${project.name}][${env:SERVER_PORT}] 2023-08-29 13:17:59,466 WARN [main][JpaBatchConfigurer.java:57] - JPA does not support custom isolation levels, so locks may not be taken when launching Jobs
[${project.name}][${env:SERVER_PORT}] 2023-08-29 13:17:59,469 INFO [main][JobRepositoryFactoryBean.java:184] - No database type set, using meta data indicating: MYSQL
[${project.name}][${env:SERVER_PORT}] 2023-08-29 13:17:59,481 INFO [main][SimpleJobLauncher.java:209] - No TaskExecutor has been set, defaulting to synchronous executor.
[${project.name}][${env:SERVER_PORT}] 2023-08-29 13:17:59,535 INFO [main][DirectJDKLog.java:173] - Starting ProtocolHandler ["http-nio-8080"]
[${project.name}][${env:SERVER_PORT}] 2023-08-29 13:17:59,552 INFO [main][TomcatWebServer.java:220] - Tomcat started on port(s): 8080 (http) with context path ''
[${project.name}][${env:SERVER_PORT}] 2023-08-29 13:17:59,560 INFO [main][StartupInfoLogger.java:61] - Started BatchApplication in 3.735 seconds (JVM running for 4.996)
[${project.name}][${env:SERVER_PORT}] 2023-08-29 13:18:09,040 INFO [http-nio-8080-exec-4][DirectJDKLog.java:173] - Initializing Spring DispatcherServlet 'dispatcherServlet'
[${project.name}][${env:SERVER_PORT}] 2023-08-29 13:18:09,040 INFO [http-nio-8080-exec-4][FrameworkServlet.java:525] - Initializing Servlet 'dispatcherServlet'
[${project.name}][${env:SERVER_PORT}] 2023-08-29 13:18:09,044 INFO [http-nio-8080-exec-4][FrameworkServlet.java:547] - Completed initialization in 4 ms
[${project.name}][${env:SERVER_PORT}] 2023-08-29 13:18:09,387 WARN [http-nio-8080-exec-4][SqlExceptionHelper.java:137] - SQL Error: 1146, SQLState: 42S02
[${project.name}][${env:SERVER_PORT}] 2023-08-29 13:18:09,387 ERROR [http-nio-8080-exec-4][SqlExceptionHelper.java:142] - Unknown error 1146
[${project.name}][${env:SERVER_PORT}] 2023-08-29 13:20:46,032 INFO [main][StartupInfoLogger.java:55] - Starting BatchApplication on LAPTOP-E8A9G982 with PID 24432 (D:\Projects\batch\batch\target\classes started by 18813 in D:\Projects\batch\batch)
[${project.name}][${env:SERVER_PORT}] 2023-08-29 13:20:46,042 INFO [main][SpringApplication.java:651] - No active profile set, falling back to default profiles: default
[${project.name}][${env:SERVER_PORT}] 2023-08-29 13:20:46,506 INFO [main][RepositoryConfigurationDelegate.java:127] - Bootstrapping Spring Data JPA repositories in DEFAULT mode.
[${project.name}][${env:SERVER_PORT}] 2023-08-29 13:20:46,556 INFO [main][RepositoryConfigurationDelegate.java:187] - Finished Spring Data repository scanning in 44ms. Found 2 JPA repository interfaces.
[${project.name}][${env:SERVER_PORT}] 2023-08-29 13:20:46,914 INFO [main][TomcatWebServer.java:108] - Tomcat initialized with port(s): 8080 (http)
[${project.name}][${env:SERVER_PORT}] 2023-08-29 13:20:46,921 INFO [main][DirectJDKLog.java:173] - Initializing ProtocolHandler ["http-nio-8080"]
[${project.name}][${env:SERVER_PORT}] 2023-08-29 13:20:46,921 INFO [main][DirectJDKLog.java:173] - Starting service [Tomcat]
[${project.name}][${env:SERVER_PORT}] 2023-08-29 13:20:46,922 INFO [main][DirectJDKLog.java:173] - Starting Servlet engine: [Apache Tomcat/9.0.41]
[${project.name}][${env:SERVER_PORT}] 2023-08-29 13:20:47,037 INFO [main][DirectJDKLog.java:173] - Initializing Spring embedded WebApplicationContext
[${project.name}][${env:SERVER_PORT}] 2023-08-29 13:20:47,037 INFO [main][ServletWebServerApplicationContext.java:285] - Root WebApplicationContext: initialization completed in 939 ms
[${project.name}][${env:SERVER_PORT}] 2023-08-29 13:20:47,078 INFO [main][DruidDataSourceAutoConfigure.java:56] - Init DruidDataSource
[${project.name}][${env:SERVER_PORT}] 2023-08-29 13:20:47,170 INFO [main][DruidDataSource.java:1002] - {dataSource-1} inited
[${project.name}][${env:SERVER_PORT}] 2023-08-29 13:20:48,099 INFO [main][LogHelper.java:31] - HHH000204: Processing PersistenceUnitInfo [name: default]
[${project.name}][${env:SERVER_PORT}] 2023-08-29 13:20:48,130 INFO [main][Version.java:44] - HHH000412: Hibernate ORM core version 5.4.25.Final
[${project.name}][${env:SERVER_PORT}] 2023-08-29 13:20:48,216 INFO [main][JavaReflectionManager.java:56] - HCANN000001: Hibernate Commons Annotations {5.1.2.Final}
[${project.name}][${env:SERVER_PORT}] 2023-08-29 13:20:48,298 INFO [main][Dialect.java:175] - HHH000400: Using dialect: org.hibernate.dialect.MySQL57Dialect
[${project.name}][${env:SERVER_PORT}] 2023-08-29 13:20:48,646 INFO [main][JtaPlatformInitiator.java:52] - HHH000490: Using JtaPlatform implementation: [org.hibernate.engine.transaction.jta.platform.internal.NoJtaPlatform]
[${project.name}][${env:SERVER_PORT}] 2023-08-29 13:20:48,653 INFO [main][AbstractEntityManagerFactoryBean.java:419] - Initialized JPA EntityManagerFactory for persistence unit 'default'
[${project.name}][${env:SERVER_PORT}] 2023-08-29 13:20:49,211 WARN [main][JpaBaseConfiguration.java:220] - spring.jpa.open-in-view is enabled by default. Therefore, database queries may be performed during view rendering. Explicitly configure spring.jpa.open-in-view to disable this warning
[${project.name}][${env:SERVER_PORT}] 2023-08-29 13:20:49,288 INFO [main][ExecutorConfigurationSupport.java:181] - Initializing ExecutorService 'applicationTaskExecutor'
[${project.name}][${env:SERVER_PORT}] 2023-08-29 13:20:49,417 WARN [main][JpaBatchConfigurer.java:57] - JPA does not support custom isolation levels, so locks may not be taken when launching Jobs
[${project.name}][${env:SERVER_PORT}] 2023-08-29 13:20:49,420 INFO [main][JobRepositoryFactoryBean.java:184] - No database type set, using meta data indicating: MYSQL
[${project.name}][${env:SERVER_PORT}] 2023-08-29 13:20:49,432 INFO [main][SimpleJobLauncher.java:209] - No TaskExecutor has been set, defaulting to synchronous executor.
[${project.name}][${env:SERVER_PORT}] 2023-08-29 13:20:49,489 INFO [main][DirectJDKLog.java:173] - Starting ProtocolHandler ["http-nio-8080"]
[${project.name}][${env:SERVER_PORT}] 2023-08-29 13:20:49,507 INFO [main][TomcatWebServer.java:220] - Tomcat started on port(s): 8080 (http) with context path ''
[${project.name}][${env:SERVER_PORT}] 2023-08-29 13:20:49,515 INFO [main][StartupInfoLogger.java:61] - Started BatchApplication in 3.756 seconds (JVM running for 4.987)
[${project.name}][${env:SERVER_PORT}] 2023-08-29 13:20:53,665 INFO [http-nio-8080-exec-1][DirectJDKLog.java:173] - Initializing Spring DispatcherServlet 'dispatcherServlet'
[${project.name}][${env:SERVER_PORT}] 2023-08-29 13:20:53,665 INFO [http-nio-8080-exec-1][FrameworkServlet.java:525] - Initializing Servlet 'dispatcherServlet'
[${project.name}][${env:SERVER_PORT}] 2023-08-29 13:20:53,671 INFO [http-nio-8080-exec-1][FrameworkServlet.java:547] - Completed initialization in 6 ms
[${project.name}][${env:SERVER_PORT}] 2023-08-29 13:20:53,897 WARN [http-nio-8080-exec-1][SqlExceptionHelper.java:137] - SQL Error: 1146, SQLState: 42S02
[${project.name}][${env:SERVER_PORT}] 2023-08-29 13:20:53,897 ERROR [http-nio-8080-exec-1][SqlExceptionHelper.java:142] - Unknown error 1146
[${project.name}][${env:SERVER_PORT}] 2023-08-29 13:29:57,265 INFO [main][StartupInfoLogger.java:55] - Starting BatchApplication on LAPTOP-E8A9G982 with PID 7728 (D:\Projects\batch\batch\target\classes started by 18813 in D:\Projects\batch\batch)
[${project.name}][${env:SERVER_PORT}] 2023-08-29 13:29:57,274 INFO [main][SpringApplication.java:651] - No active profile set, falling back to default profiles: default
[${project.name}][${env:SERVER_PORT}] 2023-08-29 13:29:57,784 INFO [main][RepositoryConfigurationDelegate.java:127] - Bootstrapping Spring Data JPA repositories in DEFAULT mode.
[${project.name}][${env:SERVER_PORT}] 2023-08-29 13:29:57,855 INFO [main][RepositoryConfigurationDelegate.java:187] - Finished Spring Data repository scanning in 63ms. Found 2 JPA repository interfaces.
[${project.name}][${env:SERVER_PORT}] 2023-08-29 13:29:58,256 INFO [main][TomcatWebServer.java:108] - Tomcat initialized with port(s): 8080 (http)
[${project.name}][${env:SERVER_PORT}] 2023-08-29 13:29:58,265 INFO [main][DirectJDKLog.java:173] - Initializing ProtocolHandler ["http-nio-8080"]
[${project.name}][${env:SERVER_PORT}] 2023-08-29 13:29:58,266 INFO [main][DirectJDKLog.java:173] - Starting service [Tomcat]
[${project.name}][${env:SERVER_PORT}] 2023-08-29 13:29:58,266 INFO [main][DirectJDKLog.java:173] - Starting Servlet engine: [Apache Tomcat/9.0.41]
[${project.name}][${env:SERVER_PORT}] 2023-08-29 13:29:58,390 INFO [main][DirectJDKLog.java:173] - Initializing Spring embedded WebApplicationContext
[${project.name}][${env:SERVER_PORT}] 2023-08-29 13:29:58,390 INFO [main][ServletWebServerApplicationContext.java:285] - Root WebApplicationContext: initialization completed in 1059 ms
[${project.name}][${env:SERVER_PORT}] 2023-08-29 13:29:58,428 INFO [main][DruidDataSourceAutoConfigure.java:56] - Init DruidDataSource
[${project.name}][${env:SERVER_PORT}] 2023-08-29 13:29:58,519 INFO [main][DruidDataSource.java:1002] - {dataSource-1} inited
[${project.name}][${env:SERVER_PORT}] 2023-08-29 13:29:59,411 INFO [main][LogHelper.java:31] - HHH000204: Processing PersistenceUnitInfo [name: default]
[${project.name}][${env:SERVER_PORT}] 2023-08-29 13:29:59,443 INFO [main][Version.java:44] - HHH000412: Hibernate ORM core version 5.4.25.Final
[${project.name}][${env:SERVER_PORT}] 2023-08-29 13:29:59,532 INFO [main][JavaReflectionManager.java:56] - HCANN000001: Hibernate Commons Annotations {5.1.2.Final}
[${project.name}][${env:SERVER_PORT}] 2023-08-29 13:29:59,614 INFO [main][Dialect.java:175] - HHH000400: Using dialect: org.hibernate.dialect.MySQL57Dialect
[${project.name}][${env:SERVER_PORT}] 2023-08-29 13:30:00,025 INFO [main][JtaPlatformInitiator.java:52] - HHH000490: Using JtaPlatform implementation: [org.hibernate.engine.transaction.jta.platform.internal.NoJtaPlatform]
[${project.name}][${env:SERVER_PORT}] 2023-08-29 13:30:00,032 INFO [main][AbstractEntityManagerFactoryBean.java:419] - Initialized JPA EntityManagerFactory for persistence unit 'default'
[${project.name}][${env:SERVER_PORT}] 2023-08-29 13:30:00,623 WARN [main][JpaBaseConfiguration.java:220] - spring.jpa.open-in-view is enabled by default. Therefore, database queries may be performed during view rendering. Explicitly configure spring.jpa.open-in-view to disable this warning
[${project.name}][${env:SERVER_PORT}] 2023-08-29 13:30:00,713 INFO [main][ExecutorConfigurationSupport.java:181] - Initializing ExecutorService 'applicationTaskExecutor'
[${project.name}][${env:SERVER_PORT}] 2023-08-29 13:30:00,845 WARN [main][JpaBatchConfigurer.java:57] - JPA does not support custom isolation levels, so locks may not be taken when launching Jobs
[${project.name}][${env:SERVER_PORT}] 2023-08-29 13:30:00,848 INFO [main][JobRepositoryFactoryBean.java:184] - No database type set, using meta data indicating: MYSQL
[${project.name}][${env:SERVER_PORT}] 2023-08-29 13:30:00,861 INFO [main][SimpleJobLauncher.java:209] - No TaskExecutor has been set, defaulting to synchronous executor.
[${project.name}][${env:SERVER_PORT}] 2023-08-29 13:30:00,930 INFO [main][DirectJDKLog.java:173] - Starting ProtocolHandler ["http-nio-8080"]
[${project.name}][${env:SERVER_PORT}] 2023-08-29 13:30:00,953 INFO [main][TomcatWebServer.java:220] - Tomcat started on port(s): 8080 (http) with context path ''
[${project.name}][${env:SERVER_PORT}] 2023-08-29 13:30:00,963 INFO [main][StartupInfoLogger.java:61] - Started BatchApplication in 4.054 seconds (JVM running for 5.358)
[${project.name}][${env:SERVER_PORT}] 2023-08-29 13:30:29,307 INFO [main][StartupInfoLogger.java:55] - Starting BatchApplication on LAPTOP-E8A9G982 with PID 22976 (D:\Projects\batch\batch\target\classes started by 18813 in D:\Projects\batch\batch)
[${project.name}][${env:SERVER_PORT}] 2023-08-29 13:30:29,317 INFO [main][SpringApplication.java:651] - No active profile set, falling back to default profiles: default
[${project.name}][${env:SERVER_PORT}] 2023-08-29 13:30:29,783 INFO [main][RepositoryConfigurationDelegate.java:127] - Bootstrapping Spring Data JPA repositories in DEFAULT mode.
[${project.name}][${env:SERVER_PORT}] 2023-08-29 13:30:29,834 INFO [main][RepositoryConfigurationDelegate.java:187] - Finished Spring Data repository scanning in 45ms. Found 2 JPA repository interfaces.
[${project.name}][${env:SERVER_PORT}] 2023-08-29 13:30:30,196 INFO [main][TomcatWebServer.java:108] - Tomcat initialized with port(s): 8080 (http)
[${project.name}][${env:SERVER_PORT}] 2023-08-29 13:30:30,203 INFO [main][DirectJDKLog.java:173] - Initializing ProtocolHandler ["http-nio-8080"]
[${project.name}][${env:SERVER_PORT}] 2023-08-29 13:30:30,203 INFO [main][DirectJDKLog.java:173] - Starting service [Tomcat]
[${project.name}][${env:SERVER_PORT}] 2023-08-29 13:30:30,204 INFO [main][DirectJDKLog.java:173] - Starting Servlet engine: [Apache Tomcat/9.0.41]
[${project.name}][${env:SERVER_PORT}] 2023-08-29 13:30:30,319 INFO [main][DirectJDKLog.java:173] - Initializing Spring embedded WebApplicationContext
[${project.name}][${env:SERVER_PORT}] 2023-08-29 13:30:30,319 INFO [main][ServletWebServerApplicationContext.java:285] - Root WebApplicationContext: initialization completed in 941 ms
[${project.name}][${env:SERVER_PORT}] 2023-08-29 13:30:30,357 INFO [main][DruidDataSourceAutoConfigure.java:56] - Init DruidDataSource
[${project.name}][${env:SERVER_PORT}] 2023-08-29 13:30:30,447 INFO [main][DruidDataSource.java:1002] - {dataSource-1} inited
[${project.name}][${env:SERVER_PORT}] 2023-08-29 13:30:31,385 INFO [main][LogHelper.java:31] - HHH000204: Processing PersistenceUnitInfo [name: default]
[${project.name}][${env:SERVER_PORT}] 2023-08-29 13:30:31,416 INFO [main][Version.java:44] - HHH000412: Hibernate ORM core version 5.4.25.Final
[${project.name}][${env:SERVER_PORT}] 2023-08-29 13:30:31,506 INFO [main][JavaReflectionManager.java:56] - HCANN000001: Hibernate Commons Annotations {5.1.2.Final}
[${project.name}][${env:SERVER_PORT}] 2023-08-29 13:30:31,587 INFO [main][Dialect.java:175] - HHH000400: Using dialect: org.hibernate.dialect.MySQL57Dialect
[${project.name}][${env:SERVER_PORT}] 2023-08-29 13:30:31,941 INFO [main][JtaPlatformInitiator.java:52] - HHH000490: Using JtaPlatform implementation: [org.hibernate.engine.transaction.jta.platform.internal.NoJtaPlatform]
[${project.name}][${env:SERVER_PORT}] 2023-08-29 13:30:31,948 INFO [main][AbstractEntityManagerFactoryBean.java:419] - Initialized JPA EntityManagerFactory for persistence unit 'default'
[${project.name}][${env:SERVER_PORT}] 2023-08-29 13:30:32,505 WARN [main][JpaBaseConfiguration.java:220] - spring.jpa.open-in-view is enabled by default. Therefore, database queries may be performed during view rendering. Explicitly configure spring.jpa.open-in-view to disable this warning
[${project.name}][${env:SERVER_PORT}] 2023-08-29 13:30:32,592 INFO [main][ExecutorConfigurationSupport.java:181] - Initializing ExecutorService 'applicationTaskExecutor'
[${project.name}][${env:SERVER_PORT}] 2023-08-29 13:30:32,706 WARN [main][JpaBatchConfigurer.java:57] - JPA does not support custom isolation levels, so locks may not be taken when launching Jobs
[${project.name}][${env:SERVER_PORT}] 2023-08-29 13:30:32,709 INFO [main][JobRepositoryFactoryBean.java:184] - No database type set, using meta data indicating: MYSQL
[${project.name}][${env:SERVER_PORT}] 2023-08-29 13:30:32,721 INFO [main][SimpleJobLauncher.java:209] - No TaskExecutor has been set, defaulting to synchronous executor.
[${project.name}][${env:SERVER_PORT}] 2023-08-29 13:30:32,775 INFO [main][DirectJDKLog.java:173] - Starting ProtocolHandler ["http-nio-8080"]
[${project.name}][${env:SERVER_PORT}] 2023-08-29 13:30:32,792 INFO [main][TomcatWebServer.java:220] - Tomcat started on port(s): 8080 (http) with context path ''
[${project.name}][${env:SERVER_PORT}] 2023-08-29 13:30:32,799 INFO [main][StartupInfoLogger.java:61] - Started BatchApplication in 3.782 seconds (JVM running for 5.01)
[${project.name}][${env:SERVER_PORT}] 2023-08-29 13:30:38,363 INFO [http-nio-8080-exec-3][DirectJDKLog.java:173] - Initializing Spring DispatcherServlet 'dispatcherServlet'
[${project.name}][${env:SERVER_PORT}] 2023-08-29 13:30:38,363 INFO [http-nio-8080-exec-3][FrameworkServlet.java:525] - Initializing Servlet 'dispatcherServlet'
[${project.name}][${env:SERVER_PORT}] 2023-08-29 13:30:38,368 INFO [http-nio-8080-exec-3][FrameworkServlet.java:547] - Completed initialization in 5 ms
[${project.name}][${env:SERVER_PORT}] 2023-08-29 13:30:38,583 WARN [http-nio-8080-exec-3][SqlExceptionHelper.java:137] - SQL Error: 1146, SQLState: 42S02
[${project.name}][${env:SERVER_PORT}] 2023-08-29 13:30:38,583 ERROR [http-nio-8080-exec-3][SqlExceptionHelper.java:142] - Unknown error 1146
[${project.name}][${env:SERVER_PORT}] 2023-08-29 13:35:47,152 INFO [main][StartupInfoLogger.java:55] - Starting BatchApplication on LAPTOP-E8A9G982 with PID 4076 (D:\Projects\batch\batch\target\classes started by 18813 in D:\Projects\batch\batch)
[${project.name}][${env:SERVER_PORT}] 2023-08-29 13:35:47,162 INFO [main][SpringApplication.java:651] - No active profile set, falling back to default profiles: default
[${project.name}][${env:SERVER_PORT}] 2023-08-29 13:35:47,632 INFO [main][RepositoryConfigurationDelegate.java:127] - Bootstrapping Spring Data JPA repositories in DEFAULT mode.
[${project.name}][${env:SERVER_PORT}] 2023-08-29 13:35:47,685 INFO [main][RepositoryConfigurationDelegate.java:187] - Finished Spring Data repository scanning in 46ms. Found 2 JPA repository interfaces.
[${project.name}][${env:SERVER_PORT}] 2023-08-29 13:35:48,054 INFO [main][TomcatWebServer.java:108] - Tomcat initialized with port(s): 8080 (http)
[${project.name}][${env:SERVER_PORT}] 2023-08-29 13:35:48,060 INFO [main][DirectJDKLog.java:173] - Initializing ProtocolHandler ["http-nio-8080"]
[${project.name}][${env:SERVER_PORT}] 2023-08-29 13:35:48,061 INFO [main][DirectJDKLog.java:173] - Starting service [Tomcat]
[${project.name}][${env:SERVER_PORT}] 2023-08-29 13:35:48,061 INFO [main][DirectJDKLog.java:173] - Starting Servlet engine: [Apache Tomcat/9.0.41]
[${project.name}][${env:SERVER_PORT}] 2023-08-29 13:35:48,175 INFO [main][DirectJDKLog.java:173] - Initializing Spring embedded WebApplicationContext
[${project.name}][${env:SERVER_PORT}] 2023-08-29 13:35:48,175 INFO [main][ServletWebServerApplicationContext.java:285] - Root WebApplicationContext: initialization completed in 958 ms
[${project.name}][${env:SERVER_PORT}] 2023-08-29 13:35:48,213 INFO [main][DruidDataSourceAutoConfigure.java:56] - Init DruidDataSource
[${project.name}][${env:SERVER_PORT}] 2023-08-29 13:35:48,305 INFO [main][DruidDataSource.java:1002] - {dataSource-1} inited
[${project.name}][${env:SERVER_PORT}] 2023-08-29 13:35:49,019 INFO [main][LogHelper.java:31] - HHH000204: Processing PersistenceUnitInfo [name: default]
[${project.name}][${env:SERVER_PORT}] 2023-08-29 13:35:49,050 INFO [main][Version.java:44] - HHH000412: Hibernate ORM core version 5.4.25.Final
[${project.name}][${env:SERVER_PORT}] 2023-08-29 13:35:49,138 INFO [main][JavaReflectionManager.java:56] - HCANN000001: Hibernate Commons Annotations {5.1.2.Final}
[${project.name}][${env:SERVER_PORT}] 2023-08-29 13:35:49,219 INFO [main][Dialect.java:175] - HHH000400: Using dialect: org.hibernate.dialect.MySQL57Dialect
[${project.name}][${env:SERVER_PORT}] 2023-08-29 13:35:49,580 INFO [main][JtaPlatformInitiator.java:52] - HHH000490: Using JtaPlatform implementation: [org.hibernate.engine.transaction.jta.platform.internal.NoJtaPlatform]
[${project.name}][${env:SERVER_PORT}] 2023-08-29 13:35:49,587 INFO [main][AbstractEntityManagerFactoryBean.java:419] - Initialized JPA EntityManagerFactory for persistence unit 'default'
[${project.name}][${env:SERVER_PORT}] 2023-08-29 13:35:50,176 WARN [main][JpaBaseConfiguration.java:220] - spring.jpa.open-in-view is enabled by default. Therefore, database queries may be performed during view rendering. Explicitly configure spring.jpa.open-in-view to disable this warning
[${project.name}][${env:SERVER_PORT}] 2023-08-29 13:35:50,262 INFO [main][ExecutorConfigurationSupport.java:181] - Initializing ExecutorService 'applicationTaskExecutor'
[${project.name}][${env:SERVER_PORT}] 2023-08-29 13:35:50,391 WARN [main][JpaBatchConfigurer.java:57] - JPA does not support custom isolation levels, so locks may not be taken when launching Jobs
[${project.name}][${env:SERVER_PORT}] 2023-08-29 13:35:50,395 INFO [main][JobRepositoryFactoryBean.java:184] - No database type set, using meta data indicating: MYSQL
[${project.name}][${env:SERVER_PORT}] 2023-08-29 13:35:50,406 INFO [main][SimpleJobLauncher.java:209] - No TaskExecutor has been set, defaulting to synchronous executor.
[${project.name}][${env:SERVER_PORT}] 2023-08-29 13:35:50,463 INFO [main][DirectJDKLog.java:173] - Starting ProtocolHandler ["http-nio-8080"]
[${project.name}][${env:SERVER_PORT}] 2023-08-29 13:35:50,479 INFO [main][TomcatWebServer.java:220] - Tomcat started on port(s): 8080 (http) with context path ''
[${project.name}][${env:SERVER_PORT}] 2023-08-29 13:35:50,499 INFO [main][StartupInfoLogger.java:61] - Started BatchApplication in 3.637 seconds (JVM running for 4.926)
[${project.name}][${env:SERVER_PORT}] 2023-08-29 13:35:55,315 INFO [http-nio-8080-exec-1][DirectJDKLog.java:173] - Initializing Spring DispatcherServlet 'dispatcherServlet'
[${project.name}][${env:SERVER_PORT}] 2023-08-29 13:35:55,315 INFO [http-nio-8080-exec-1][FrameworkServlet.java:525] - Initializing Servlet 'dispatcherServlet'
[${project.name}][${env:SERVER_PORT}] 2023-08-29 13:35:55,321 INFO [http-nio-8080-exec-1][FrameworkServlet.java:547] - Completed initialization in 6 ms
[${project.name}][${env:SERVER_PORT}] 2023-08-29 13:38:08,670 INFO [main][StartupInfoLogger.java:55] - Starting BatchApplication on LAPTOP-E8A9G982 with PID 22660 (D:\Projects\batch\batch\target\classes started by 18813 in D:\Projects\batch\batch)
[${project.name}][${env:SERVER_PORT}] 2023-08-29 13:38:08,679 INFO [main][SpringApplication.java:651] - No active profile set, falling back to default profiles: default
[${project.name}][${env:SERVER_PORT}] 2023-08-29 13:38:09,153 INFO [main][RepositoryConfigurationDelegate.java:127] - Bootstrapping Spring Data JPA repositories in DEFAULT mode.
[${project.name}][${env:SERVER_PORT}] 2023-08-29 13:38:09,203 INFO [main][RepositoryConfigurationDelegate.java:187] - Finished Spring Data repository scanning in 44ms. Found 2 JPA repository interfaces.
[${project.name}][${env:SERVER_PORT}] 2023-08-29 13:38:09,588 INFO [main][TomcatWebServer.java:108] - Tomcat initialized with port(s): 8080 (http)
[${project.name}][${env:SERVER_PORT}] 2023-08-29 13:38:09,596 INFO [main][DirectJDKLog.java:173] - Initializing ProtocolHandler ["http-nio-8080"]
[${project.name}][${env:SERVER_PORT}] 2023-08-29 13:38:09,596 INFO [main][DirectJDKLog.java:173] - Starting service [Tomcat]
[${project.name}][${env:SERVER_PORT}] 2023-08-29 13:38:09,596 INFO [main][DirectJDKLog.java:173] - Starting Servlet engine: [Apache Tomcat/9.0.41]
[${project.name}][${env:SERVER_PORT}] 2023-08-29 13:38:09,714 INFO [main][DirectJDKLog.java:173] - Initializing Spring embedded WebApplicationContext
[${project.name}][${env:SERVER_PORT}] 2023-08-29 13:38:09,714 INFO [main][ServletWebServerApplicationContext.java:285] - Root WebApplicationContext: initialization completed in 974 ms
[${project.name}][${env:SERVER_PORT}] 2023-08-29 13:38:09,752 INFO [main][DruidDataSourceAutoConfigure.java:56] - Init DruidDataSource
[${project.name}][${env:SERVER_PORT}] 2023-08-29 13:38:09,845 INFO [main][DruidDataSource.java:1002] - {dataSource-1} inited
[${project.name}][${env:SERVER_PORT}] 2023-08-29 13:38:11,527 INFO [main][LogHelper.java:31] - HHH000204: Processing PersistenceUnitInfo [name: default]
[${project.name}][${env:SERVER_PORT}] 2023-08-29 13:38:11,559 INFO [main][Version.java:44] - HHH000412: Hibernate ORM core version 5.4.25.Final
[${project.name}][${env:SERVER_PORT}] 2023-08-29 13:38:11,651 INFO [main][JavaReflectionManager.java:56] - HCANN000001: Hibernate Commons Annotations {5.1.2.Final}
[${project.name}][${env:SERVER_PORT}] 2023-08-29 13:38:11,754 INFO [main][Dialect.java:175] - HHH000400: Using dialect: org.hibernate.dialect.MySQL57Dialect
[${project.name}][${env:SERVER_PORT}] 2023-08-29 13:38:12,144 INFO [main][JtaPlatformInitiator.java:52] - HHH000490: Using JtaPlatform implementation: [org.hibernate.engine.transaction.jta.platform.internal.NoJtaPlatform]
[${project.name}][${env:SERVER_PORT}] 2023-08-29 13:38:12,153 INFO [main][AbstractEntityManagerFactoryBean.java:419] - Initialized JPA EntityManagerFactory for persistence unit 'default'
[${project.name}][${env:SERVER_PORT}] 2023-08-29 13:38:12,828 WARN [main][JpaBaseConfiguration.java:220] - spring.jpa.open-in-view is enabled by default. Therefore, database queries may be performed during view rendering. Explicitly configure spring.jpa.open-in-view to disable this warning
[${project.name}][${env:SERVER_PORT}] 2023-08-29 13:38:12,920 INFO [main][ExecutorConfigurationSupport.java:181] - Initializing ExecutorService 'applicationTaskExecutor'
[${project.name}][${env:SERVER_PORT}] 2023-08-29 13:38:13,073 WARN [main][JpaBatchConfigurer.java:57] - JPA does not support custom isolation levels, so locks may not be taken when launching Jobs
[${project.name}][${env:SERVER_PORT}] 2023-08-29 13:38:13,079 INFO [main][JobRepositoryFactoryBean.java:184] - No database type set, using meta data indicating: MYSQL
[${project.name}][${env:SERVER_PORT}] 2023-08-29 13:38:13,091 INFO [main][SimpleJobLauncher.java:209] - No TaskExecutor has been set, defaulting to synchronous executor.
[${project.name}][${env:SERVER_PORT}] 2023-08-29 13:38:13,152 INFO [main][DirectJDKLog.java:173] - Starting ProtocolHandler ["http-nio-8080"]
[${project.name}][${env:SERVER_PORT}] 2023-08-29 13:38:13,169 INFO [main][TomcatWebServer.java:220] - Tomcat started on port(s): 8080 (http) with context path ''
[${project.name}][${env:SERVER_PORT}] 2023-08-29 13:38:13,177 INFO [main][StartupInfoLogger.java:61] - Started BatchApplication in 4.791 seconds (JVM running for 6.124)
[${project.name}][${env:SERVER_PORT}] 2023-08-29 13:38:21,594 INFO [http-nio-8080-exec-2][DirectJDKLog.java:173] - Initializing Spring DispatcherServlet 'dispatcherServlet'
[${project.name}][${env:SERVER_PORT}] 2023-08-29 13:38:21,594 INFO [http-nio-8080-exec-2][FrameworkServlet.java:525] - Initializing Servlet 'dispatcherServlet'
[${project.name}][${env:SERVER_PORT}] 2023-08-29 13:38:21,601 INFO [http-nio-8080-exec-2][FrameworkServlet.java:547] - Completed initialization in 7 ms
[${project.name}][${env:SERVER_PORT}] 2023-08-29 13:39:31,073 WARN [RMI TCP Accept-0][Log.java:237] - RMI TCP Accept-0: accept loop for ServerSocket[addr=0.0.0.0/0.0.0.0,localport=5151] throws
java.io.IOException: The server sockets created using the LocalRMIServerSocketFactory only accept connections from clients running on the host where the RMI remote objects have been exported.
	at sun.management.jmxremote.LocalRMIServerSocketFactory$1.accept(LocalRMIServerSocketFactory.java:114)
	at sun.rmi.transport.tcp.TCPTransport$AcceptLoop.executeAcceptLoop(TCPTransport.java:405)
	at sun.rmi.transport.tcp.TCPTransport$AcceptLoop.run(TCPTransport.java:377)
	at java.lang.Thread.run(Thread.java:748)
