[${project.name}][${env:SERVER_PORT}] 2023-08-31 13:16:51,465 INFO [main][StartupInfoLogger.java:55] - Starting BatchApplication on LAPTOP-E8A9G982 with PID 4408 (D:\Projects\backend3\backend\target\classes started by 18813 in D:\Projects\backend3\backend)
[${project.name}][${env:SERVER_PORT}] 2023-08-31 13:16:51,482 INFO [main][SpringApplication.java:651] - No active profile set, falling back to default profiles: default
[${project.name}][${env:SERVER_PORT}] 2023-08-31 13:16:51,968 INFO [main][RepositoryConfigurationDelegate.java:127] - Bootstrapping Spring Data JPA repositories in DEFAULT mode.
[${project.name}][${env:SERVER_PORT}] 2023-08-31 13:16:52,031 INFO [main][RepositoryConfigurationDelegate.java:187] - Finished Spring Data repository scanning in 58ms. Found 5 JPA repository interfaces.
[${project.name}][${env:SERVER_PORT}] 2023-08-31 13:16:52,412 INFO [main][TomcatWebServer.java:108] - Tomcat initialized with port(s): 8080 (http)
[${project.name}][${env:SERVER_PORT}] 2023-08-31 13:16:52,418 INFO [main][DirectJDKLog.java:173] - Initializing ProtocolHandler ["http-nio-8080"]
[${project.name}][${env:SERVER_PORT}] 2023-08-31 13:16:52,418 INFO [main][DirectJDKLog.java:173] - Starting service [Tomcat]
[${project.name}][${env:SERVER_PORT}] 2023-08-31 13:16:52,418 INFO [main][DirectJDKLog.java:173] - Starting Servlet engine: [Apache Tomcat/9.0.41]
[${project.name}][${env:SERVER_PORT}] 2023-08-31 13:16:52,579 INFO [main][DirectJDKLog.java:173] - Initializing Spring embedded WebApplicationContext
[${project.name}][${env:SERVER_PORT}] 2023-08-31 13:16:52,579 INFO [main][ServletWebServerApplicationContext.java:285] - Root WebApplicationContext: initialization completed in 1029 ms
[${project.name}][${env:SERVER_PORT}] 2023-08-31 13:16:52,614 INFO [main][DruidDataSourceAutoConfigure.java:56] - Init DruidDataSource
[${project.name}][${env:SERVER_PORT}] 2023-08-31 13:16:52,702 INFO [main][DruidDataSource.java:1002] - {dataSource-1} inited
[${project.name}][${env:SERVER_PORT}] 2023-08-31 13:16:53,568 INFO [main][LogHelper.java:31] - HHH000204: Processing PersistenceUnitInfo [name: default]
[${project.name}][${env:SERVER_PORT}] 2023-08-31 13:16:53,599 INFO [main][Version.java:44] - HHH000412: Hibernate ORM core version 5.4.25.Final
[${project.name}][${env:SERVER_PORT}] 2023-08-31 13:16:53,685 INFO [main][JavaReflectionManager.java:56] - HCANN000001: Hibernate Commons Annotations {5.1.2.Final}
[${project.name}][${env:SERVER_PORT}] 2023-08-31 13:16:53,763 INFO [main][Dialect.java:175] - HHH000400: Using dialect: org.hibernate.dialect.MySQL57Dialect
[${project.name}][${env:SERVER_PORT}] 2023-08-31 13:16:54,158 INFO [main][JtaPlatformInitiator.java:52] - HHH000490: Using JtaPlatform implementation: [org.hibernate.engine.transaction.jta.platform.internal.NoJtaPlatform]
[${project.name}][${env:SERVER_PORT}] 2023-08-31 13:16:54,164 INFO [main][AbstractEntityManagerFactoryBean.java:419] - Initialized JPA EntityManagerFactory for persistence unit 'default'
[${project.name}][${env:SERVER_PORT}] 2023-08-31 13:16:54,463 INFO [main][ExecutorConfigurationSupport.java:181] - Initializing ExecutorService
[${project.name}][${env:SERVER_PORT}] 2023-08-31 13:16:54,464 INFO [main][ExecutorConfigurationSupport.java:181] - Initializing ExecutorService 'asyncFilmService'
[${project.name}][${env:SERVER_PORT}] 2023-08-31 13:16:54,896 WARN [main][JpaBaseConfiguration.java:220] - spring.jpa.open-in-view is enabled by default. Therefore, database queries may be performed during view rendering. Explicitly configure spring.jpa.open-in-view to disable this warning
[${project.name}][${env:SERVER_PORT}] 2023-08-31 13:16:55,154 INFO [main][DirectJDKLog.java:173] - Starting ProtocolHandler ["http-nio-8080"]
[${project.name}][${env:SERVER_PORT}] 2023-08-31 13:16:55,173 INFO [main][TomcatWebServer.java:220] - Tomcat started on port(s): 8080 (http) with context path ''
[${project.name}][${env:SERVER_PORT}] 2023-08-31 13:16:55,181 INFO [main][StartupInfoLogger.java:61] - Started BatchApplication in 4.014 seconds (JVM running for 5.483)
[${project.name}][${env:SERVER_PORT}] 2023-08-31 13:17:40,483 INFO [http-nio-8080-exec-1][DirectJDKLog.java:173] - Initializing Spring DispatcherServlet 'dispatcherServlet'
[${project.name}][${env:SERVER_PORT}] 2023-08-31 13:17:40,484 INFO [http-nio-8080-exec-1][FrameworkServlet.java:525] - Initializing Servlet 'dispatcherServlet'
[${project.name}][${env:SERVER_PORT}] 2023-08-31 13:17:40,491 INFO [http-nio-8080-exec-1][FrameworkServlet.java:547] - Completed initialization in 7 ms
[${project.name}][${env:SERVER_PORT}] 2023-08-31 14:04:28,244 INFO [main][StartupInfoLogger.java:55] - Starting BatchApplication on LAPTOP-DCL52E7Q with PID 16248 (E:\工作\线下培训\新建文件夹\文件批量处理系统\backend\target\classes started by czh in E:\工作\线下培训\新建文件夹\文件批量处理系统\backend)
[${project.name}][${env:SERVER_PORT}] 2023-08-31 14:04:28,272 INFO [main][SpringApplication.java:651] - No active profile set, falling back to default profiles: default
[${project.name}][${env:SERVER_PORT}] 2023-08-31 14:04:28,710 INFO [main][RepositoryConfigurationDelegate.java:127] - Bootstrapping Spring Data JPA repositories in DEFAULT mode.
[${project.name}][${env:SERVER_PORT}] 2023-08-31 14:04:28,761 INFO [main][RepositoryConfigurationDelegate.java:187] - Finished Spring Data repository scanning in 47ms. Found 5 JPA repository interfaces.
[${project.name}][${env:SERVER_PORT}] 2023-08-31 14:04:29,068 INFO [main][TomcatWebServer.java:108] - Tomcat initialized with port(s): 8080 (http)
[${project.name}][${env:SERVER_PORT}] 2023-08-31 14:04:29,074 INFO [main][DirectJDKLog.java:173] - Initializing ProtocolHandler ["http-nio-8080"]
[${project.name}][${env:SERVER_PORT}] 2023-08-31 14:04:29,074 INFO [main][DirectJDKLog.java:173] - Starting service [Tomcat]
[${project.name}][${env:SERVER_PORT}] 2023-08-31 14:04:29,074 INFO [main][DirectJDKLog.java:173] - Starting Servlet engine: [Apache Tomcat/9.0.41]
[${project.name}][${env:SERVER_PORT}] 2023-08-31 14:04:29,146 INFO [main][DirectJDKLog.java:173] - Initializing Spring embedded WebApplicationContext
[${project.name}][${env:SERVER_PORT}] 2023-08-31 14:04:29,146 INFO [main][ServletWebServerApplicationContext.java:285] - Root WebApplicationContext: initialization completed in 846 ms
[${project.name}][${env:SERVER_PORT}] 2023-08-31 14:04:29,175 INFO [main][DruidDataSourceAutoConfigure.java:56] - Init DruidDataSource
[${project.name}][${env:SERVER_PORT}] 2023-08-31 14:04:29,265 INFO [main][DruidDataSource.java:1002] - {dataSource-1} inited
[${project.name}][${env:SERVER_PORT}] 2023-08-31 14:04:29,758 INFO [main][LogHelper.java:31] - HHH000204: Processing PersistenceUnitInfo [name: default]
[${project.name}][${env:SERVER_PORT}] 2023-08-31 14:04:29,783 INFO [main][Version.java:44] - HHH000412: Hibernate ORM core version 5.4.25.Final
[${project.name}][${env:SERVER_PORT}] 2023-08-31 14:04:29,856 INFO [main][JavaReflectionManager.java:56] - HCANN000001: Hibernate Commons Annotations {5.1.2.Final}
[${project.name}][${env:SERVER_PORT}] 2023-08-31 14:04:29,925 INFO [main][Dialect.java:175] - HHH000400: Using dialect: org.hibernate.dialect.MySQL57Dialect
[${project.name}][${env:SERVER_PORT}] 2023-08-31 14:04:30,277 INFO [main][JtaPlatformInitiator.java:52] - HHH000490: Using JtaPlatform implementation: [org.hibernate.engine.transaction.jta.platform.internal.NoJtaPlatform]
[${project.name}][${env:SERVER_PORT}] 2023-08-31 14:04:30,283 INFO [main][AbstractEntityManagerFactoryBean.java:419] - Initialized JPA EntityManagerFactory for persistence unit 'default'
[${project.name}][${env:SERVER_PORT}] 2023-08-31 14:04:30,545 INFO [main][ExecutorConfigurationSupport.java:181] - Initializing ExecutorService
[${project.name}][${env:SERVER_PORT}] 2023-08-31 14:04:30,546 INFO [main][ExecutorConfigurationSupport.java:181] - Initializing ExecutorService 'asyncFilmService'
[${project.name}][${env:SERVER_PORT}] 2023-08-31 14:04:30,776 WARN [main][JpaBaseConfiguration.java:220] - spring.jpa.open-in-view is enabled by default. Therefore, database queries may be performed during view rendering. Explicitly configure spring.jpa.open-in-view to disable this warning
[${project.name}][${env:SERVER_PORT}] 2023-08-31 14:04:30,995 INFO [main][DirectJDKLog.java:173] - Starting ProtocolHandler ["http-nio-8080"]
[${project.name}][${env:SERVER_PORT}] 2023-08-31 14:04:31,010 INFO [main][TomcatWebServer.java:220] - Tomcat started on port(s): 8080 (http) with context path ''
[${project.name}][${env:SERVER_PORT}] 2023-08-31 14:04:31,016 INFO [main][StartupInfoLogger.java:61] - Started BatchApplication in 3.048 seconds (JVM running for 4.259)
[${project.name}][${env:SERVER_PORT}] 2023-08-31 14:05:14,643 INFO [http-nio-8080-exec-1][DirectJDKLog.java:173] - Initializing Spring DispatcherServlet 'dispatcherServlet'
[${project.name}][${env:SERVER_PORT}] 2023-08-31 14:05:14,643 INFO [http-nio-8080-exec-1][FrameworkServlet.java:525] - Initializing Servlet 'dispatcherServlet'
[${project.name}][${env:SERVER_PORT}] 2023-08-31 14:05:14,647 INFO [http-nio-8080-exec-1][FrameworkServlet.java:547] - Completed initialization in 4 ms
[${project.name}][${env:SERVER_PORT}] 2023-08-31 14:06:03,242 WARN [http-nio-8080-exec-7][SqlExceptionHelper.java:137] - SQL Error: 1406, SQLState: 22001
[${project.name}][${env:SERVER_PORT}] 2023-08-31 14:06:03,242 ERROR [http-nio-8080-exec-7][SqlExceptionHelper.java:142] - Data truncation: #22001
[${project.name}][${env:SERVER_PORT}] 2023-08-31 14:06:03,469 WARN [http-nio-8080-exec-9][SqlExceptionHelper.java:137] - SQL Error: 1406, SQLState: 22001
[${project.name}][${env:SERVER_PORT}] 2023-08-31 14:06:03,470 ERROR [http-nio-8080-exec-9][SqlExceptionHelper.java:142] - Data truncation: #22001
[${project.name}][${env:SERVER_PORT}] 2023-08-31 14:06:03,687 WARN [http-nio-8080-exec-8][SqlExceptionHelper.java:137] - SQL Error: 1406, SQLState: 22001
[${project.name}][${env:SERVER_PORT}] 2023-08-31 14:06:03,688 ERROR [http-nio-8080-exec-8][SqlExceptionHelper.java:142] - Data truncation: #22001
[${project.name}][${env:SERVER_PORT}] 2023-08-31 14:06:03,738 WARN [http-nio-8080-exec-10][SqlExceptionHelper.java:137] - SQL Error: 1406, SQLState: 22001
[${project.name}][${env:SERVER_PORT}] 2023-08-31 14:06:03,739 ERROR [http-nio-8080-exec-10][SqlExceptionHelper.java:142] - Data truncation: #22001
[${project.name}][${env:SERVER_PORT}] 2023-08-31 14:06:03,885 WARN [http-nio-8080-exec-1][SqlExceptionHelper.java:137] - SQL Error: 1406, SQLState: 22001
[${project.name}][${env:SERVER_PORT}] 2023-08-31 14:06:03,885 ERROR [http-nio-8080-exec-1][SqlExceptionHelper.java:142] - Data truncation: #22001
[${project.name}][${env:SERVER_PORT}] 2023-08-31 14:06:16,630 WARN [http-nio-8080-exec-8][SqlExceptionHelper.java:137] - SQL Error: 1406, SQLState: 22001
[${project.name}][${env:SERVER_PORT}] 2023-08-31 14:06:16,631 ERROR [http-nio-8080-exec-8][SqlExceptionHelper.java:142] - Data truncation: #22001
[${project.name}][${env:SERVER_PORT}] 2023-08-31 14:07:28,193 WARN [http-nio-8080-exec-6][SqlExceptionHelper.java:137] - SQL Error: 1406, SQLState: 22001
[${project.name}][${env:SERVER_PORT}] 2023-08-31 14:07:28,193 ERROR [http-nio-8080-exec-6][SqlExceptionHelper.java:142] - Data truncation: #22001
[${project.name}][${env:SERVER_PORT}] 2023-08-31 14:08:29,734 WARN [http-nio-8080-exec-9][SqlExceptionHelper.java:137] - SQL Error: 1406, SQLState: 22001
[${project.name}][${env:SERVER_PORT}] 2023-08-31 14:08:29,735 ERROR [http-nio-8080-exec-9][SqlExceptionHelper.java:142] - Data truncation: #22001
[${project.name}][${env:SERVER_PORT}] 2023-08-31 14:09:09,519 ERROR [http-nio-8080-exec-4][DirectJDKLog.java:175] - Servlet.service() for servlet [dispatcherServlet] in context with path [] threw exception [Request processing failed; nested exception is com.ten.batch.common.CommonException] with root cause
com.ten.batch.common.CommonException
	at com.ten.batch.interceptor.JwtInterceptor.preHandle(JwtInterceptor.java:71)
	at org.springframework.web.servlet.HandlerExecutionChain.applyPreHandle(HandlerExecutionChain.java:151)
	at org.springframework.web.servlet.DispatcherServlet.doDispatch(DispatcherServlet.java:1035)
	at org.springframework.web.servlet.DispatcherServlet.doService(DispatcherServlet.java:943)
	at org.springframework.web.servlet.FrameworkServlet.processRequest(FrameworkServlet.java:1006)
	at org.springframework.web.servlet.FrameworkServlet.doGet(FrameworkServlet.java:898)
	at javax.servlet.http.HttpServlet.service(HttpServlet.java:626)
	at org.springframework.web.servlet.FrameworkServlet.service(FrameworkServlet.java:883)
	at javax.servlet.http.HttpServlet.service(HttpServlet.java:733)
	at org.apache.catalina.core.ApplicationFilterChain.internalDoFilter(ApplicationFilterChain.java:231)
	at org.apache.catalina.core.ApplicationFilterChain.doFilter(ApplicationFilterChain.java:166)
	at org.apache.tomcat.websocket.server.WsFilter.doFilter(WsFilter.java:53)
	at org.apache.catalina.core.ApplicationFilterChain.internalDoFilter(ApplicationFilterChain.java:193)
	at org.apache.catalina.core.ApplicationFilterChain.doFilter(ApplicationFilterChain.java:166)
	at org.springframework.web.filter.RequestContextFilter.doFilterInternal(RequestContextFilter.java:100)
	at org.springframework.web.filter.OncePerRequestFilter.doFilter(OncePerRequestFilter.java:119)
	at org.apache.catalina.core.ApplicationFilterChain.internalDoFilter(ApplicationFilterChain.java:193)
	at org.apache.catalina.core.ApplicationFilterChain.doFilter(ApplicationFilterChain.java:166)
	at org.springframework.web.filter.FormContentFilter.doFilterInternal(FormContentFilter.java:93)
	at org.springframework.web.filter.OncePerRequestFilter.doFilter(OncePerRequestFilter.java:119)
	at org.apache.catalina.core.ApplicationFilterChain.internalDoFilter(ApplicationFilterChain.java:193)
	at org.apache.catalina.core.ApplicationFilterChain.doFilter(ApplicationFilterChain.java:166)
	at org.springframework.web.filter.CharacterEncodingFilter.doFilterInternal(CharacterEncodingFilter.java:201)
	at org.springframework.web.filter.OncePerRequestFilter.doFilter(OncePerRequestFilter.java:119)
	at org.apache.catalina.core.ApplicationFilterChain.internalDoFilter(ApplicationFilterChain.java:193)
	at org.apache.catalina.core.ApplicationFilterChain.doFilter(ApplicationFilterChain.java:166)
	at org.apache.catalina.core.StandardWrapperValve.invoke(StandardWrapperValve.java:202)
	at org.apache.catalina.core.StandardContextValve.invoke(StandardContextValve.java:97)
	at org.apache.catalina.authenticator.AuthenticatorBase.invoke(AuthenticatorBase.java:542)
	at org.apache.catalina.core.StandardHostValve.invoke(StandardHostValve.java:143)
	at org.apache.catalina.valves.ErrorReportValve.invoke(ErrorReportValve.java:92)
	at org.apache.catalina.core.StandardEngineValve.invoke(StandardEngineValve.java:78)
	at org.apache.catalina.connector.CoyoteAdapter.service(CoyoteAdapter.java:343)
	at org.apache.coyote.http11.Http11Processor.service(Http11Processor.java:374)
	at org.apache.coyote.AbstractProcessorLight.process(AbstractProcessorLight.java:65)
	at org.apache.coyote.AbstractProtocol$ConnectionHandler.process(AbstractProtocol.java:888)
	at org.apache.tomcat.util.net.NioEndpoint$SocketProcessor.doRun(NioEndpoint.java:1597)
	at org.apache.tomcat.util.net.SocketProcessorBase.run(SocketProcessorBase.java:49)
	at java.util.concurrent.ThreadPoolExecutor.runWorker(ThreadPoolExecutor.java:1149)
	at java.util.concurrent.ThreadPoolExecutor$Worker.run(ThreadPoolExecutor.java:624)
	at org.apache.tomcat.util.threads.TaskThread$WrappingRunnable.run(TaskThread.java:61)
	at java.lang.Thread.run(Thread.java:750)
[${project.name}][${env:SERVER_PORT}] 2023-08-31 14:09:36,568 ERROR [http-nio-8080-exec-10][DirectJDKLog.java:175] - Servlet.service() for servlet [dispatcherServlet] in context with path [] threw exception [Request processing failed; nested exception is com.ten.batch.common.CommonException] with root cause
com.ten.batch.common.CommonException
	at com.ten.batch.interceptor.JwtInterceptor.preHandle(JwtInterceptor.java:71)
	at org.springframework.web.servlet.HandlerExecutionChain.applyPreHandle(HandlerExecutionChain.java:151)
	at org.springframework.web.servlet.DispatcherServlet.doDispatch(DispatcherServlet.java:1035)
	at org.springframework.web.servlet.DispatcherServlet.doService(DispatcherServlet.java:943)
	at org.springframework.web.servlet.FrameworkServlet.processRequest(FrameworkServlet.java:1006)
	at org.springframework.web.servlet.FrameworkServlet.doGet(FrameworkServlet.java:898)
	at javax.servlet.http.HttpServlet.service(HttpServlet.java:626)
	at org.springframework.web.servlet.FrameworkServlet.service(FrameworkServlet.java:883)
	at javax.servlet.http.HttpServlet.service(HttpServlet.java:733)
	at org.apache.catalina.core.ApplicationFilterChain.internalDoFilter(ApplicationFilterChain.java:231)
	at org.apache.catalina.core.ApplicationFilterChain.doFilter(ApplicationFilterChain.java:166)
	at org.apache.tomcat.websocket.server.WsFilter.doFilter(WsFilter.java:53)
	at org.apache.catalina.core.ApplicationFilterChain.internalDoFilter(ApplicationFilterChain.java:193)
	at org.apache.catalina.core.ApplicationFilterChain.doFilter(ApplicationFilterChain.java:166)
	at org.springframework.web.filter.RequestContextFilter.doFilterInternal(RequestContextFilter.java:100)
	at org.springframework.web.filter.OncePerRequestFilter.doFilter(OncePerRequestFilter.java:119)
	at org.apache.catalina.core.ApplicationFilterChain.internalDoFilter(ApplicationFilterChain.java:193)
	at org.apache.catalina.core.ApplicationFilterChain.doFilter(ApplicationFilterChain.java:166)
	at org.springframework.web.filter.FormContentFilter.doFilterInternal(FormContentFilter.java:93)
	at org.springframework.web.filter.OncePerRequestFilter.doFilter(OncePerRequestFilter.java:119)
	at org.apache.catalina.core.ApplicationFilterChain.internalDoFilter(ApplicationFilterChain.java:193)
	at org.apache.catalina.core.ApplicationFilterChain.doFilter(ApplicationFilterChain.java:166)
	at org.springframework.web.filter.CharacterEncodingFilter.doFilterInternal(CharacterEncodingFilter.java:201)
	at org.springframework.web.filter.OncePerRequestFilter.doFilter(OncePerRequestFilter.java:119)
	at org.apache.catalina.core.ApplicationFilterChain.internalDoFilter(ApplicationFilterChain.java:193)
	at org.apache.catalina.core.ApplicationFilterChain.doFilter(ApplicationFilterChain.java:166)
	at org.apache.catalina.core.StandardWrapperValve.invoke(StandardWrapperValve.java:202)
	at org.apache.catalina.core.StandardContextValve.invoke(StandardContextValve.java:97)
	at org.apache.catalina.authenticator.AuthenticatorBase.invoke(AuthenticatorBase.java:542)
	at org.apache.catalina.core.StandardHostValve.invoke(StandardHostValve.java:143)
	at org.apache.catalina.valves.ErrorReportValve.invoke(ErrorReportValve.java:92)
	at org.apache.catalina.core.StandardEngineValve.invoke(StandardEngineValve.java:78)
	at org.apache.catalina.connector.CoyoteAdapter.service(CoyoteAdapter.java:343)
	at org.apache.coyote.http11.Http11Processor.service(Http11Processor.java:374)
	at org.apache.coyote.AbstractProcessorLight.process(AbstractProcessorLight.java:65)
	at org.apache.coyote.AbstractProtocol$ConnectionHandler.process(AbstractProtocol.java:888)
	at org.apache.tomcat.util.net.NioEndpoint$SocketProcessor.doRun(NioEndpoint.java:1597)
	at org.apache.tomcat.util.net.SocketProcessorBase.run(SocketProcessorBase.java:49)
	at java.util.concurrent.ThreadPoolExecutor.runWorker(ThreadPoolExecutor.java:1149)
	at java.util.concurrent.ThreadPoolExecutor$Worker.run(ThreadPoolExecutor.java:624)
	at org.apache.tomcat.util.threads.TaskThread$WrappingRunnable.run(TaskThread.java:61)
	at java.lang.Thread.run(Thread.java:750)
[${project.name}][${env:SERVER_PORT}] 2023-08-31 14:09:44,959 ERROR [http-nio-8080-exec-7][DirectJDKLog.java:175] - Servlet.service() for servlet [dispatcherServlet] in context with path [] threw exception [Request processing failed; nested exception is com.ten.batch.common.CommonException] with root cause
com.ten.batch.common.CommonException
	at com.ten.batch.interceptor.JwtInterceptor.preHandle(JwtInterceptor.java:71)
	at org.springframework.web.servlet.HandlerExecutionChain.applyPreHandle(HandlerExecutionChain.java:151)
	at org.springframework.web.servlet.DispatcherServlet.doDispatch(DispatcherServlet.java:1035)
	at org.springframework.web.servlet.DispatcherServlet.doService(DispatcherServlet.java:943)
	at org.springframework.web.servlet.FrameworkServlet.processRequest(FrameworkServlet.java:1006)
	at org.springframework.web.servlet.FrameworkServlet.doGet(FrameworkServlet.java:898)
	at javax.servlet.http.HttpServlet.service(HttpServlet.java:626)
	at org.springframework.web.servlet.FrameworkServlet.service(FrameworkServlet.java:883)
	at javax.servlet.http.HttpServlet.service(HttpServlet.java:733)
	at org.apache.catalina.core.ApplicationFilterChain.internalDoFilter(ApplicationFilterChain.java:231)
	at org.apache.catalina.core.ApplicationFilterChain.doFilter(ApplicationFilterChain.java:166)
	at org.apache.tomcat.websocket.server.WsFilter.doFilter(WsFilter.java:53)
	at org.apache.catalina.core.ApplicationFilterChain.internalDoFilter(ApplicationFilterChain.java:193)
	at org.apache.catalina.core.ApplicationFilterChain.doFilter(ApplicationFilterChain.java:166)
	at org.springframework.web.filter.RequestContextFilter.doFilterInternal(RequestContextFilter.java:100)
	at org.springframework.web.filter.OncePerRequestFilter.doFilter(OncePerRequestFilter.java:119)
	at org.apache.catalina.core.ApplicationFilterChain.internalDoFilter(ApplicationFilterChain.java:193)
	at org.apache.catalina.core.ApplicationFilterChain.doFilter(ApplicationFilterChain.java:166)
	at org.springframework.web.filter.FormContentFilter.doFilterInternal(FormContentFilter.java:93)
	at org.springframework.web.filter.OncePerRequestFilter.doFilter(OncePerRequestFilter.java:119)
	at org.apache.catalina.core.ApplicationFilterChain.internalDoFilter(ApplicationFilterChain.java:193)
	at org.apache.catalina.core.ApplicationFilterChain.doFilter(ApplicationFilterChain.java:166)
	at org.springframework.web.filter.CharacterEncodingFilter.doFilterInternal(CharacterEncodingFilter.java:201)
	at org.springframework.web.filter.OncePerRequestFilter.doFilter(OncePerRequestFilter.java:119)
	at org.apache.catalina.core.ApplicationFilterChain.internalDoFilter(ApplicationFilterChain.java:193)
	at org.apache.catalina.core.ApplicationFilterChain.doFilter(ApplicationFilterChain.java:166)
	at org.apache.catalina.core.StandardWrapperValve.invoke(StandardWrapperValve.java:202)
	at org.apache.catalina.core.StandardContextValve.invoke(StandardContextValve.java:97)
	at org.apache.catalina.authenticator.AuthenticatorBase.invoke(AuthenticatorBase.java:542)
	at org.apache.catalina.core.StandardHostValve.invoke(StandardHostValve.java:143)
	at org.apache.catalina.valves.ErrorReportValve.invoke(ErrorReportValve.java:92)
	at org.apache.catalina.core.StandardEngineValve.invoke(StandardEngineValve.java:78)
	at org.apache.catalina.connector.CoyoteAdapter.service(CoyoteAdapter.java:343)
	at org.apache.coyote.http11.Http11Processor.service(Http11Processor.java:374)
	at org.apache.coyote.AbstractProcessorLight.process(AbstractProcessorLight.java:65)
	at org.apache.coyote.AbstractProtocol$ConnectionHandler.process(AbstractProtocol.java:888)
	at org.apache.tomcat.util.net.NioEndpoint$SocketProcessor.doRun(NioEndpoint.java:1597)
	at org.apache.tomcat.util.net.SocketProcessorBase.run(SocketProcessorBase.java:49)
	at java.util.concurrent.ThreadPoolExecutor.runWorker(ThreadPoolExecutor.java:1149)
	at java.util.concurrent.ThreadPoolExecutor$Worker.run(ThreadPoolExecutor.java:624)
	at org.apache.tomcat.util.threads.TaskThread$WrappingRunnable.run(TaskThread.java:61)
	at java.lang.Thread.run(Thread.java:750)
[${project.name}][${env:SERVER_PORT}] 2023-08-31 14:09:54,637 ERROR [http-nio-8080-exec-1][DirectJDKLog.java:175] - Servlet.service() for servlet [dispatcherServlet] in context with path [] threw exception [Request processing failed; nested exception is com.ten.batch.common.CommonException] with root cause
com.ten.batch.common.CommonException
	at com.ten.batch.interceptor.JwtInterceptor.preHandle(JwtInterceptor.java:71)
	at org.springframework.web.servlet.HandlerExecutionChain.applyPreHandle(HandlerExecutionChain.java:151)
	at org.springframework.web.servlet.DispatcherServlet.doDispatch(DispatcherServlet.java:1035)
	at org.springframework.web.servlet.DispatcherServlet.doService(DispatcherServlet.java:943)
	at org.springframework.web.servlet.FrameworkServlet.processRequest(FrameworkServlet.java:1006)
	at org.springframework.web.servlet.FrameworkServlet.doGet(FrameworkServlet.java:898)
	at javax.servlet.http.HttpServlet.service(HttpServlet.java:626)
	at org.springframework.web.servlet.FrameworkServlet.service(FrameworkServlet.java:883)
	at javax.servlet.http.HttpServlet.service(HttpServlet.java:733)
	at org.apache.catalina.core.ApplicationFilterChain.internalDoFilter(ApplicationFilterChain.java:231)
	at org.apache.catalina.core.ApplicationFilterChain.doFilter(ApplicationFilterChain.java:166)
	at org.apache.tomcat.websocket.server.WsFilter.doFilter(WsFilter.java:53)
	at org.apache.catalina.core.ApplicationFilterChain.internalDoFilter(ApplicationFilterChain.java:193)
	at org.apache.catalina.core.ApplicationFilterChain.doFilter(ApplicationFilterChain.java:166)
	at org.springframework.web.filter.RequestContextFilter.doFilterInternal(RequestContextFilter.java:100)
	at org.springframework.web.filter.OncePerRequestFilter.doFilter(OncePerRequestFilter.java:119)
	at org.apache.catalina.core.ApplicationFilterChain.internalDoFilter(ApplicationFilterChain.java:193)
	at org.apache.catalina.core.ApplicationFilterChain.doFilter(ApplicationFilterChain.java:166)
	at org.springframework.web.filter.FormContentFilter.doFilterInternal(FormContentFilter.java:93)
	at org.springframework.web.filter.OncePerRequestFilter.doFilter(OncePerRequestFilter.java:119)
	at org.apache.catalina.core.ApplicationFilterChain.internalDoFilter(ApplicationFilterChain.java:193)
	at org.apache.catalina.core.ApplicationFilterChain.doFilter(ApplicationFilterChain.java:166)
	at org.springframework.web.filter.CharacterEncodingFilter.doFilterInternal(CharacterEncodingFilter.java:201)
	at org.springframework.web.filter.OncePerRequestFilter.doFilter(OncePerRequestFilter.java:119)
	at org.apache.catalina.core.ApplicationFilterChain.internalDoFilter(ApplicationFilterChain.java:193)
	at org.apache.catalina.core.ApplicationFilterChain.doFilter(ApplicationFilterChain.java:166)
	at org.apache.catalina.core.StandardWrapperValve.invoke(StandardWrapperValve.java:202)
	at org.apache.catalina.core.StandardContextValve.invoke(StandardContextValve.java:97)
	at org.apache.catalina.authenticator.AuthenticatorBase.invoke(AuthenticatorBase.java:542)
	at org.apache.catalina.core.StandardHostValve.invoke(StandardHostValve.java:143)
	at org.apache.catalina.valves.ErrorReportValve.invoke(ErrorReportValve.java:92)
	at org.apache.catalina.core.StandardEngineValve.invoke(StandardEngineValve.java:78)
	at org.apache.catalina.connector.CoyoteAdapter.service(CoyoteAdapter.java:343)
	at org.apache.coyote.http11.Http11Processor.service(Http11Processor.java:374)
	at org.apache.coyote.AbstractProcessorLight.process(AbstractProcessorLight.java:65)
	at org.apache.coyote.AbstractProtocol$ConnectionHandler.process(AbstractProtocol.java:888)
	at org.apache.tomcat.util.net.NioEndpoint$SocketProcessor.doRun(NioEndpoint.java:1597)
	at org.apache.tomcat.util.net.SocketProcessorBase.run(SocketProcessorBase.java:49)
	at java.util.concurrent.ThreadPoolExecutor.runWorker(ThreadPoolExecutor.java:1149)
	at java.util.concurrent.ThreadPoolExecutor$Worker.run(ThreadPoolExecutor.java:624)
	at org.apache.tomcat.util.threads.TaskThread$WrappingRunnable.run(TaskThread.java:61)
	at java.lang.Thread.run(Thread.java:750)
[${project.name}][${env:SERVER_PORT}] 2023-08-31 14:10:02,378 INFO [SpringContextShutdownHook][ExecutorConfigurationSupport.java:218] - Shutting down ExecutorService 'asyncFilmService'
[${project.name}][${env:SERVER_PORT}] 2023-08-31 14:10:02,379 INFO [SpringContextShutdownHook][AbstractEntityManagerFactoryBean.java:601] - Closing JPA EntityManagerFactory for persistence unit 'default'
[${project.name}][${env:SERVER_PORT}] 2023-08-31 14:10:02,380 INFO [SpringContextShutdownHook][DruidDataSource.java:1885] - {dataSource-1} closing ...
[${project.name}][${env:SERVER_PORT}] 2023-08-31 14:10:02,381 INFO [SpringContextShutdownHook][DruidDataSource.java:1955] - {dataSource-1} closed
