[${project.name}][${env:SERVER_PORT}] 2023-08-31 10:00:21,489 INFO [http-nio-8080-exec-1][DirectJDKLog.java:173] - Initializing Spring DispatcherServlet 'dispatcherServlet'
[${project.name}][${env:SERVER_PORT}] 2023-08-31 10:00:21,489 INFO [http-nio-8080-exec-1][FrameworkServlet.java:525] - Initializing Servlet 'dispatcherServlet'
[${project.name}][${env:SERVER_PORT}] 2023-08-31 10:00:21,495 INFO [http-nio-8080-exec-1][FrameworkServlet.java:547] - Completed initialization in 6 ms
[${project.name}][${env:SERVER_PORT}] 2023-08-31 10:02:23,205 INFO [main][StartupInfoLogger.java:55] - Starting BatchApplication on LAPTOP-E8A9G982 with PID 12676 (D:\Projects\backend3\backend\target\classes started by 18813 in D:\Projects\backend3\backend)
[${project.name}][${env:SERVER_PORT}] 2023-08-31 10:02:23,222 INFO [main][SpringApplication.java:651] - No active profile set, falling back to default profiles: default
[${project.name}][${env:SERVER_PORT}] 2023-08-31 10:02:23,680 INFO [main][RepositoryConfigurationDelegate.java:127] - Bootstrapping Spring Data JPA repositories in DEFAULT mode.
[${project.name}][${env:SERVER_PORT}] 2023-08-31 10:02:23,743 INFO [main][RepositoryConfigurationDelegate.java:187] - Finished Spring Data repository scanning in 58ms. Found 5 JPA repository interfaces.
[${project.name}][${env:SERVER_PORT}] 2023-08-31 10:02:24,112 INFO [main][TomcatWebServer.java:108] - Tomcat initialized with port(s): 8080 (http)
[${project.name}][${env:SERVER_PORT}] 2023-08-31 10:02:24,127 INFO [main][DirectJDKLog.java:173] - Initializing ProtocolHandler ["http-nio-8080"]
[${project.name}][${env:SERVER_PORT}] 2023-08-31 10:02:24,127 INFO [main][DirectJDKLog.java:173] - Starting service [Tomcat]
[${project.name}][${env:SERVER_PORT}] 2023-08-31 10:02:24,127 INFO [main][DirectJDKLog.java:173] - Starting Servlet engine: [Apache Tomcat/9.0.41]
[${project.name}][${env:SERVER_PORT}] 2023-08-31 10:02:24,310 INFO [main][DirectJDKLog.java:173] - Initializing Spring embedded WebApplicationContext
[${project.name}][${env:SERVER_PORT}] 2023-08-31 10:02:24,311 INFO [main][ServletWebServerApplicationContext.java:285] - Root WebApplicationContext: initialization completed in 1032 ms
[${project.name}][${env:SERVER_PORT}] 2023-08-31 10:02:24,346 INFO [main][DruidDataSourceAutoConfigure.java:56] - Init DruidDataSource
[${project.name}][${env:SERVER_PORT}] 2023-08-31 10:02:24,436 INFO [main][DruidDataSource.java:1002] - {dataSource-1} inited
[${project.name}][${env:SERVER_PORT}] 2023-08-31 10:02:25,563 INFO [main][LogHelper.java:31] - HHH000204: Processing PersistenceUnitInfo [name: default]
[${project.name}][${env:SERVER_PORT}] 2023-08-31 10:02:25,605 INFO [main][Version.java:44] - HHH000412: Hibernate ORM core version 5.4.25.Final
[${project.name}][${env:SERVER_PORT}] 2023-08-31 10:02:25,690 INFO [main][JavaReflectionManager.java:56] - HCANN000001: Hibernate Commons Annotations {5.1.2.Final}
[${project.name}][${env:SERVER_PORT}] 2023-08-31 10:02:25,769 INFO [main][Dialect.java:175] - HHH000400: Using dialect: org.hibernate.dialect.MySQL57Dialect
[${project.name}][${env:SERVER_PORT}] 2023-08-31 10:02:26,152 INFO [main][JtaPlatformInitiator.java:52] - HHH000490: Using JtaPlatform implementation: [org.hibernate.engine.transaction.jta.platform.internal.NoJtaPlatform]
[${project.name}][${env:SERVER_PORT}] 2023-08-31 10:02:26,159 INFO [main][AbstractEntityManagerFactoryBean.java:419] - Initialized JPA EntityManagerFactory for persistence unit 'default'
[${project.name}][${env:SERVER_PORT}] 2023-08-31 10:02:26,449 INFO [main][ExecutorConfigurationSupport.java:181] - Initializing ExecutorService
[${project.name}][${env:SERVER_PORT}] 2023-08-31 10:02:26,450 INFO [main][ExecutorConfigurationSupport.java:181] - Initializing ExecutorService 'asyncFilmService'
[${project.name}][${env:SERVER_PORT}] 2023-08-31 10:02:26,753 WARN [main][JpaBaseConfiguration.java:220] - spring.jpa.open-in-view is enabled by default. Therefore, database queries may be performed during view rendering. Explicitly configure spring.jpa.open-in-view to disable this warning
[${project.name}][${env:SERVER_PORT}] 2023-08-31 10:02:26,994 INFO [main][DirectJDKLog.java:173] - Starting ProtocolHandler ["http-nio-8080"]
[${project.name}][${env:SERVER_PORT}] 2023-08-31 10:02:27,010 INFO [main][TomcatWebServer.java:220] - Tomcat started on port(s): 8080 (http) with context path ''
[${project.name}][${env:SERVER_PORT}] 2023-08-31 10:02:27,017 INFO [main][StartupInfoLogger.java:61] - Started BatchApplication in 4.091 seconds (JVM running for 5.306)
[${project.name}][${env:SERVER_PORT}] 2023-08-31 10:02:47,632 INFO [http-nio-8080-exec-3][DirectJDKLog.java:173] - Initializing Spring DispatcherServlet 'dispatcherServlet'
[${project.name}][${env:SERVER_PORT}] 2023-08-31 10:02:47,632 INFO [http-nio-8080-exec-3][FrameworkServlet.java:525] - Initializing Servlet 'dispatcherServlet'
[${project.name}][${env:SERVER_PORT}] 2023-08-31 10:02:47,640 INFO [http-nio-8080-exec-3][FrameworkServlet.java:547] - Completed initialization in 8 ms
[${project.name}][${env:SERVER_PORT}] 2023-08-31 10:13:21,977 INFO [main][StartupInfoLogger.java:55] - Starting BatchApplication on LAPTOP-E8A9G982 with PID 11976 (D:\Projects\backend3\backend\target\classes started by 18813 in D:\Projects\backend3\backend)
[${project.name}][${env:SERVER_PORT}] 2023-08-31 10:13:21,992 INFO [main][SpringApplication.java:651] - No active profile set, falling back to default profiles: default
[${project.name}][${env:SERVER_PORT}] 2023-08-31 10:13:22,516 INFO [main][RepositoryConfigurationDelegate.java:127] - Bootstrapping Spring Data JPA repositories in DEFAULT mode.
[${project.name}][${env:SERVER_PORT}] 2023-08-31 10:13:22,598 INFO [main][RepositoryConfigurationDelegate.java:187] - Finished Spring Data repository scanning in 74ms. Found 5 JPA repository interfaces.
[${project.name}][${env:SERVER_PORT}] 2023-08-31 10:13:22,999 INFO [main][TomcatWebServer.java:108] - Tomcat initialized with port(s): 8080 (http)
[${project.name}][${env:SERVER_PORT}] 2023-08-31 10:13:23,005 INFO [main][DirectJDKLog.java:173] - Initializing ProtocolHandler ["http-nio-8080"]
[${project.name}][${env:SERVER_PORT}] 2023-08-31 10:13:23,006 INFO [main][DirectJDKLog.java:173] - Starting service [Tomcat]
[${project.name}][${env:SERVER_PORT}] 2023-08-31 10:13:23,006 INFO [main][DirectJDKLog.java:173] - Starting Servlet engine: [Apache Tomcat/9.0.41]
[${project.name}][${env:SERVER_PORT}] 2023-08-31 10:13:23,129 INFO [main][DirectJDKLog.java:173] - Initializing Spring embedded WebApplicationContext
[${project.name}][${env:SERVER_PORT}] 2023-08-31 10:13:23,129 INFO [main][ServletWebServerApplicationContext.java:285] - Root WebApplicationContext: initialization completed in 1083 ms
[${project.name}][${env:SERVER_PORT}] 2023-08-31 10:13:23,166 INFO [main][DruidDataSourceAutoConfigure.java:56] - Init DruidDataSource
[${project.name}][${env:SERVER_PORT}] 2023-08-31 10:13:23,255 INFO [main][DruidDataSource.java:1002] - {dataSource-1} inited
[${project.name}][${env:SERVER_PORT}] 2023-08-31 10:13:24,492 INFO [main][LogHelper.java:31] - HHH000204: Processing PersistenceUnitInfo [name: default]
[${project.name}][${env:SERVER_PORT}] 2023-08-31 10:13:24,535 INFO [main][Version.java:44] - HHH000412: Hibernate ORM core version 5.4.25.Final
[${project.name}][${env:SERVER_PORT}] 2023-08-31 10:13:24,622 INFO [main][JavaReflectionManager.java:56] - HCANN000001: Hibernate Commons Annotations {5.1.2.Final}
[${project.name}][${env:SERVER_PORT}] 2023-08-31 10:13:24,700 INFO [main][Dialect.java:175] - HHH000400: Using dialect: org.hibernate.dialect.MySQL57Dialect
[${project.name}][${env:SERVER_PORT}] 2023-08-31 10:13:25,093 INFO [main][JtaPlatformInitiator.java:52] - HHH000490: Using JtaPlatform implementation: [org.hibernate.engine.transaction.jta.platform.internal.NoJtaPlatform]
[${project.name}][${env:SERVER_PORT}] 2023-08-31 10:13:25,100 INFO [main][AbstractEntityManagerFactoryBean.java:419] - Initialized JPA EntityManagerFactory for persistence unit 'default'
[${project.name}][${env:SERVER_PORT}] 2023-08-31 10:13:25,394 INFO [main][ExecutorConfigurationSupport.java:181] - Initializing ExecutorService
[${project.name}][${env:SERVER_PORT}] 2023-08-31 10:13:25,395 INFO [main][ExecutorConfigurationSupport.java:181] - Initializing ExecutorService 'asyncFilmService'
[${project.name}][${env:SERVER_PORT}] 2023-08-31 10:13:25,738 WARN [main][JpaBaseConfiguration.java:220] - spring.jpa.open-in-view is enabled by default. Therefore, database queries may be performed during view rendering. Explicitly configure spring.jpa.open-in-view to disable this warning
[${project.name}][${env:SERVER_PORT}] 2023-08-31 10:13:25,988 INFO [main][DirectJDKLog.java:173] - Starting ProtocolHandler ["http-nio-8080"]
[${project.name}][${env:SERVER_PORT}] 2023-08-31 10:13:26,005 INFO [main][TomcatWebServer.java:220] - Tomcat started on port(s): 8080 (http) with context path ''
[${project.name}][${env:SERVER_PORT}] 2023-08-31 10:13:26,013 INFO [main][StartupInfoLogger.java:61] - Started BatchApplication in 4.336 seconds (JVM running for 5.637)
[${project.name}][${env:SERVER_PORT}] 2023-08-31 10:13:51,345 INFO [http-nio-8080-exec-3][DirectJDKLog.java:173] - Initializing Spring DispatcherServlet 'dispatcherServlet'
[${project.name}][${env:SERVER_PORT}] 2023-08-31 10:13:51,345 INFO [http-nio-8080-exec-3][FrameworkServlet.java:525] - Initializing Servlet 'dispatcherServlet'
[${project.name}][${env:SERVER_PORT}] 2023-08-31 10:13:51,351 INFO [http-nio-8080-exec-3][FrameworkServlet.java:547] - Completed initialization in 6 ms
[${project.name}][${env:SERVER_PORT}] 2023-08-31 10:14:39,740 INFO [main][StartupInfoLogger.java:55] - Starting BatchApplication on LAPTOP-E8A9G982 with PID 20380 (D:\Projects\backend3\backend\target\classes started by 18813 in D:\Projects\backend3\backend)
[${project.name}][${env:SERVER_PORT}] 2023-08-31 10:14:39,753 INFO [main][SpringApplication.java:651] - No active profile set, falling back to default profiles: default
[${project.name}][${env:SERVER_PORT}] 2023-08-31 10:14:40,245 INFO [main][RepositoryConfigurationDelegate.java:127] - Bootstrapping Spring Data JPA repositories in DEFAULT mode.
[${project.name}][${env:SERVER_PORT}] 2023-08-31 10:14:40,310 INFO [main][RepositoryConfigurationDelegate.java:187] - Finished Spring Data repository scanning in 60ms. Found 5 JPA repository interfaces.
[${project.name}][${env:SERVER_PORT}] 2023-08-31 10:14:40,679 INFO [main][TomcatWebServer.java:108] - Tomcat initialized with port(s): 8080 (http)
[${project.name}][${env:SERVER_PORT}] 2023-08-31 10:14:40,685 INFO [main][DirectJDKLog.java:173] - Initializing ProtocolHandler ["http-nio-8080"]
[${project.name}][${env:SERVER_PORT}] 2023-08-31 10:14:40,685 INFO [main][DirectJDKLog.java:173] - Starting service [Tomcat]
[${project.name}][${env:SERVER_PORT}] 2023-08-31 10:14:40,685 INFO [main][DirectJDKLog.java:173] - Starting Servlet engine: [Apache Tomcat/9.0.41]
[${project.name}][${env:SERVER_PORT}] 2023-08-31 10:14:40,808 INFO [main][DirectJDKLog.java:173] - Initializing Spring embedded WebApplicationContext
[${project.name}][${env:SERVER_PORT}] 2023-08-31 10:14:40,809 INFO [main][ServletWebServerApplicationContext.java:285] - Root WebApplicationContext: initialization completed in 990 ms
[${project.name}][${env:SERVER_PORT}] 2023-08-31 10:14:40,844 INFO [main][DruidDataSourceAutoConfigure.java:56] - Init DruidDataSource
[${project.name}][${env:SERVER_PORT}] 2023-08-31 10:14:40,932 INFO [main][DruidDataSource.java:1002] - {dataSource-1} inited
[${project.name}][${env:SERVER_PORT}] 2023-08-31 10:14:41,878 INFO [main][LogHelper.java:31] - HHH000204: Processing PersistenceUnitInfo [name: default]
[${project.name}][${env:SERVER_PORT}] 2023-08-31 10:14:41,908 INFO [main][Version.java:44] - HHH000412: Hibernate ORM core version 5.4.25.Final
[${project.name}][${env:SERVER_PORT}] 2023-08-31 10:14:41,995 INFO [main][JavaReflectionManager.java:56] - HCANN000001: Hibernate Commons Annotations {5.1.2.Final}
[${project.name}][${env:SERVER_PORT}] 2023-08-31 10:14:42,073 INFO [main][Dialect.java:175] - HHH000400: Using dialect: org.hibernate.dialect.MySQL57Dialect
[${project.name}][${env:SERVER_PORT}] 2023-08-31 10:14:42,459 INFO [main][JtaPlatformInitiator.java:52] - HHH000490: Using JtaPlatform implementation: [org.hibernate.engine.transaction.jta.platform.internal.NoJtaPlatform]
[${project.name}][${env:SERVER_PORT}] 2023-08-31 10:14:42,466 INFO [main][AbstractEntityManagerFactoryBean.java:419] - Initialized JPA EntityManagerFactory for persistence unit 'default'
[${project.name}][${env:SERVER_PORT}] 2023-08-31 10:14:42,746 INFO [main][ExecutorConfigurationSupport.java:181] - Initializing ExecutorService
[${project.name}][${env:SERVER_PORT}] 2023-08-31 10:14:42,747 INFO [main][ExecutorConfigurationSupport.java:181] - Initializing ExecutorService 'asyncFilmService'
[${project.name}][${env:SERVER_PORT}] 2023-08-31 10:14:43,066 WARN [main][JpaBaseConfiguration.java:220] - spring.jpa.open-in-view is enabled by default. Therefore, database queries may be performed during view rendering. Explicitly configure spring.jpa.open-in-view to disable this warning
[${project.name}][${env:SERVER_PORT}] 2023-08-31 10:14:43,310 INFO [main][DirectJDKLog.java:173] - Starting ProtocolHandler ["http-nio-8080"]
[${project.name}][${env:SERVER_PORT}] 2023-08-31 10:14:43,327 INFO [main][TomcatWebServer.java:220] - Tomcat started on port(s): 8080 (http) with context path ''
[${project.name}][${env:SERVER_PORT}] 2023-08-31 10:14:43,335 INFO [main][StartupInfoLogger.java:61] - Started BatchApplication in 3.88 seconds (JVM running for 5.187)
[${project.name}][${env:SERVER_PORT}] 2023-08-31 10:14:58,102 INFO [http-nio-8080-exec-3][DirectJDKLog.java:173] - Initializing Spring DispatcherServlet 'dispatcherServlet'
[${project.name}][${env:SERVER_PORT}] 2023-08-31 10:14:58,102 INFO [http-nio-8080-exec-3][FrameworkServlet.java:525] - Initializing Servlet 'dispatcherServlet'
[${project.name}][${env:SERVER_PORT}] 2023-08-31 10:14:58,109 INFO [http-nio-8080-exec-3][FrameworkServlet.java:547] - Completed initialization in 7 ms
[${project.name}][${env:SERVER_PORT}] 2023-08-31 10:17:45,845 INFO [async-Thread-film-service-1][CheckFileThread.java:33] - 线程=async-Thread-film-service-1 文件读取完成 总耗时=1964毫秒  读取数据=100140条
[${project.name}][${env:SERVER_PORT}] 2023-08-31 10:17:47,585 INFO [async-Thread-film-service-2][CheckFileThread.java:33] - 线程=async-Thread-film-service-2 文件读取完成 总耗时=1740毫秒  读取数据=100000条
[${project.name}][${env:SERVER_PORT}] 2023-08-31 10:17:49,230 INFO [async-Thread-film-service-3][CheckFileThread.java:33] - 线程=async-Thread-film-service-3 文件读取完成 总耗时=1645毫秒  读取数据=100000条
[${project.name}][${env:SERVER_PORT}] 2023-08-31 10:17:51,188 INFO [async-Thread-film-service-4][CheckFileThread.java:33] - 线程=async-Thread-film-service-4 文件读取完成 总耗时=1957毫秒  读取数据=100000条
[${project.name}][${env:SERVER_PORT}] 2023-08-31 10:17:52,890 INFO [async-Thread-film-service-5][CheckFileThread.java:33] - 线程=async-Thread-film-service-5 文件读取完成 总耗时=1701毫秒  读取数据=100000条
[${project.name}][${env:SERVER_PORT}] 2023-08-31 10:48:51,875 INFO [main][StartupInfoLogger.java:55] - Starting BatchApplication on LAPTOP-E8A9G982 with PID 14140 (D:\Projects\backend3\backend\target\classes started by 18813 in D:\Projects\backend3\backend)
[${project.name}][${env:SERVER_PORT}] 2023-08-31 10:48:51,891 INFO [main][SpringApplication.java:651] - No active profile set, falling back to default profiles: default
[${project.name}][${env:SERVER_PORT}] 2023-08-31 10:48:52,365 INFO [main][RepositoryConfigurationDelegate.java:127] - Bootstrapping Spring Data JPA repositories in DEFAULT mode.
[${project.name}][${env:SERVER_PORT}] 2023-08-31 10:48:52,426 INFO [main][RepositoryConfigurationDelegate.java:187] - Finished Spring Data repository scanning in 56ms. Found 5 JPA repository interfaces.
[${project.name}][${env:SERVER_PORT}] 2023-08-31 10:48:52,799 INFO [main][TomcatWebServer.java:108] - Tomcat initialized with port(s): 8080 (http)
[${project.name}][${env:SERVER_PORT}] 2023-08-31 10:48:52,814 INFO [main][DirectJDKLog.java:173] - Initializing ProtocolHandler ["http-nio-8080"]
[${project.name}][${env:SERVER_PORT}] 2023-08-31 10:48:52,815 INFO [main][DirectJDKLog.java:173] - Starting service [Tomcat]
[${project.name}][${env:SERVER_PORT}] 2023-08-31 10:48:52,815 INFO [main][DirectJDKLog.java:173] - Starting Servlet engine: [Apache Tomcat/9.0.41]
[${project.name}][${env:SERVER_PORT}] 2023-08-31 10:48:52,919 INFO [main][DirectJDKLog.java:173] - Initializing Spring embedded WebApplicationContext
[${project.name}][${env:SERVER_PORT}] 2023-08-31 10:48:52,919 INFO [main][ServletWebServerApplicationContext.java:285] - Root WebApplicationContext: initialization completed in 970 ms
[${project.name}][${env:SERVER_PORT}] 2023-08-31 10:48:52,954 INFO [main][DruidDataSourceAutoConfigure.java:56] - Init DruidDataSource
[${project.name}][${env:SERVER_PORT}] 2023-08-31 10:48:53,043 INFO [main][DruidDataSource.java:1002] - {dataSource-1} inited
[${project.name}][${env:SERVER_PORT}] 2023-08-31 10:48:54,001 INFO [main][LogHelper.java:31] - HHH000204: Processing PersistenceUnitInfo [name: default]
[${project.name}][${env:SERVER_PORT}] 2023-08-31 10:48:54,040 INFO [main][Version.java:44] - HHH000412: Hibernate ORM core version 5.4.25.Final
[${project.name}][${env:SERVER_PORT}] 2023-08-31 10:48:54,126 INFO [main][JavaReflectionManager.java:56] - HCANN000001: Hibernate Commons Annotations {5.1.2.Final}
[${project.name}][${env:SERVER_PORT}] 2023-08-31 10:48:54,206 INFO [main][Dialect.java:175] - HHH000400: Using dialect: org.hibernate.dialect.MySQL57Dialect
[${project.name}][${env:SERVER_PORT}] 2023-08-31 10:48:54,598 INFO [main][JtaPlatformInitiator.java:52] - HHH000490: Using JtaPlatform implementation: [org.hibernate.engine.transaction.jta.platform.internal.NoJtaPlatform]
[${project.name}][${env:SERVER_PORT}] 2023-08-31 10:48:54,604 INFO [main][AbstractEntityManagerFactoryBean.java:419] - Initialized JPA EntityManagerFactory for persistence unit 'default'
[${project.name}][${env:SERVER_PORT}] 2023-08-31 10:48:54,897 INFO [main][ExecutorConfigurationSupport.java:181] - Initializing ExecutorService
[${project.name}][${env:SERVER_PORT}] 2023-08-31 10:48:54,898 INFO [main][ExecutorConfigurationSupport.java:181] - Initializing ExecutorService 'asyncFilmService'
[${project.name}][${env:SERVER_PORT}] 2023-08-31 10:48:55,179 WARN [main][JpaBaseConfiguration.java:220] - spring.jpa.open-in-view is enabled by default. Therefore, database queries may be performed during view rendering. Explicitly configure spring.jpa.open-in-view to disable this warning
[${project.name}][${env:SERVER_PORT}] 2023-08-31 10:48:55,431 INFO [main][DirectJDKLog.java:173] - Starting ProtocolHandler ["http-nio-8080"]
[${project.name}][${env:SERVER_PORT}] 2023-08-31 10:48:55,447 INFO [main][TomcatWebServer.java:220] - Tomcat started on port(s): 8080 (http) with context path ''
[${project.name}][${env:SERVER_PORT}] 2023-08-31 10:48:55,454 INFO [main][StartupInfoLogger.java:61] - Started BatchApplication in 3.847 seconds (JVM running for 5.11)
[${project.name}][${env:SERVER_PORT}] 2023-08-31 10:49:12,045 INFO [http-nio-8080-exec-1][DirectJDKLog.java:173] - Initializing Spring DispatcherServlet 'dispatcherServlet'
[${project.name}][${env:SERVER_PORT}] 2023-08-31 10:49:12,045 INFO [http-nio-8080-exec-1][FrameworkServlet.java:525] - Initializing Servlet 'dispatcherServlet'
[${project.name}][${env:SERVER_PORT}] 2023-08-31 10:49:12,050 INFO [http-nio-8080-exec-1][FrameworkServlet.java:547] - Completed initialization in 5 ms
[${project.name}][${env:SERVER_PORT}] 2023-08-31 10:51:42,849 INFO [async-Thread-film-service-1][CheckFileThread.java:33] - 线程=async-Thread-film-service-1 文件读取完成 总耗时=1827毫秒  读取数据=100140条
[${project.name}][${env:SERVER_PORT}] 2023-08-31 10:52:58,842 INFO [main][StartupInfoLogger.java:55] - Starting BatchApplication on LAPTOP-E8A9G982 with PID 8644 (D:\Projects\backend3\backend\target\classes started by 18813 in D:\Projects\backend3\backend)
[${project.name}][${env:SERVER_PORT}] 2023-08-31 10:52:58,880 INFO [main][SpringApplication.java:651] - No active profile set, falling back to default profiles: default
[${project.name}][${env:SERVER_PORT}] 2023-08-31 10:52:59,324 INFO [main][RepositoryConfigurationDelegate.java:127] - Bootstrapping Spring Data JPA repositories in DEFAULT mode.
[${project.name}][${env:SERVER_PORT}] 2023-08-31 10:52:59,385 INFO [main][RepositoryConfigurationDelegate.java:187] - Finished Spring Data repository scanning in 55ms. Found 5 JPA repository interfaces.
[${project.name}][${env:SERVER_PORT}] 2023-08-31 10:52:59,759 INFO [main][TomcatWebServer.java:108] - Tomcat initialized with port(s): 8080 (http)
[${project.name}][${env:SERVER_PORT}] 2023-08-31 10:52:59,766 INFO [main][DirectJDKLog.java:173] - Initializing ProtocolHandler ["http-nio-8080"]
[${project.name}][${env:SERVER_PORT}] 2023-08-31 10:52:59,766 INFO [main][DirectJDKLog.java:173] - Starting service [Tomcat]
[${project.name}][${env:SERVER_PORT}] 2023-08-31 10:52:59,766 INFO [main][DirectJDKLog.java:173] - Starting Servlet engine: [Apache Tomcat/9.0.41]
[${project.name}][${env:SERVER_PORT}] 2023-08-31 10:52:59,942 INFO [main][DirectJDKLog.java:173] - Initializing Spring embedded WebApplicationContext
[${project.name}][${env:SERVER_PORT}] 2023-08-31 10:52:59,942 INFO [main][ServletWebServerApplicationContext.java:285] - Root WebApplicationContext: initialization completed in 1029 ms
[${project.name}][${env:SERVER_PORT}] 2023-08-31 10:52:59,979 INFO [main][DruidDataSourceAutoConfigure.java:56] - Init DruidDataSource
[${project.name}][${env:SERVER_PORT}] 2023-08-31 10:53:00,069 INFO [main][DruidDataSource.java:1002] - {dataSource-1} inited
[${project.name}][${env:SERVER_PORT}] 2023-08-31 10:53:00,823 INFO [main][LogHelper.java:31] - HHH000204: Processing PersistenceUnitInfo [name: default]
[${project.name}][${env:SERVER_PORT}] 2023-08-31 10:53:00,854 INFO [main][Version.java:44] - HHH000412: Hibernate ORM core version 5.4.25.Final
[${project.name}][${env:SERVER_PORT}] 2023-08-31 10:53:00,940 INFO [main][JavaReflectionManager.java:56] - HCANN000001: Hibernate Commons Annotations {5.1.2.Final}
[${project.name}][${env:SERVER_PORT}] 2023-08-31 10:53:01,072 INFO [main][Dialect.java:175] - HHH000400: Using dialect: org.hibernate.dialect.MySQL57Dialect
[${project.name}][${env:SERVER_PORT}] 2023-08-31 10:53:01,572 INFO [main][JtaPlatformInitiator.java:52] - HHH000490: Using JtaPlatform implementation: [org.hibernate.engine.transaction.jta.platform.internal.NoJtaPlatform]
[${project.name}][${env:SERVER_PORT}] 2023-08-31 10:53:01,579 INFO [main][AbstractEntityManagerFactoryBean.java:419] - Initialized JPA EntityManagerFactory for persistence unit 'default'
[${project.name}][${env:SERVER_PORT}] 2023-08-31 10:53:01,886 INFO [main][ExecutorConfigurationSupport.java:181] - Initializing ExecutorService
[${project.name}][${env:SERVER_PORT}] 2023-08-31 10:53:01,887 INFO [main][ExecutorConfigurationSupport.java:181] - Initializing ExecutorService 'asyncFilmService'
[${project.name}][${env:SERVER_PORT}] 2023-08-31 10:53:02,197 WARN [main][JpaBaseConfiguration.java:220] - spring.jpa.open-in-view is enabled by default. Therefore, database queries may be performed during view rendering. Explicitly configure spring.jpa.open-in-view to disable this warning
[${project.name}][${env:SERVER_PORT}] 2023-08-31 10:53:02,453 INFO [main][DirectJDKLog.java:173] - Starting ProtocolHandler ["http-nio-8080"]
[${project.name}][${env:SERVER_PORT}] 2023-08-31 10:53:02,470 INFO [main][TomcatWebServer.java:220] - Tomcat started on port(s): 8080 (http) with context path ''
[${project.name}][${env:SERVER_PORT}] 2023-08-31 10:53:02,477 INFO [main][StartupInfoLogger.java:61] - Started BatchApplication in 3.903 seconds (JVM running for 5.121)
[${project.name}][${env:SERVER_PORT}] 2023-08-31 10:53:17,426 INFO [http-nio-8080-exec-2][DirectJDKLog.java:173] - Initializing Spring DispatcherServlet 'dispatcherServlet'
[${project.name}][${env:SERVER_PORT}] 2023-08-31 10:53:17,426 INFO [http-nio-8080-exec-2][FrameworkServlet.java:525] - Initializing Servlet 'dispatcherServlet'
[${project.name}][${env:SERVER_PORT}] 2023-08-31 10:53:17,431 INFO [http-nio-8080-exec-2][FrameworkServlet.java:547] - Completed initialization in 4 ms
[${project.name}][${env:SERVER_PORT}] 2023-08-31 10:53:19,704 INFO [async-Thread-film-service-1][CheckFileThread.java:33] - 线程=async-Thread-film-service-1 文件读取完成 总耗时=1843毫秒  读取数据=100000条
[${project.name}][${env:SERVER_PORT}] 2023-08-31 10:53:21,364 INFO [async-Thread-film-service-2][CheckFileThread.java:33] - 线程=async-Thread-film-service-2 文件读取完成 总耗时=1659毫秒  读取数据=100000条
[${project.name}][${env:SERVER_PORT}] 2023-08-31 10:53:23,339 INFO [async-Thread-film-service-3][CheckFileThread.java:33] - 线程=async-Thread-film-service-3 文件读取完成 总耗时=1975毫秒  读取数据=100000条
[${project.name}][${env:SERVER_PORT}] 2023-08-31 10:53:24,900 INFO [async-Thread-film-service-4][CheckFileThread.java:33] - 线程=async-Thread-film-service-4 文件读取完成 总耗时=1560毫秒  读取数据=100000条
[${project.name}][${env:SERVER_PORT}] 2023-08-31 10:53:26,491 INFO [async-Thread-film-service-5][CheckFileThread.java:33] - 线程=async-Thread-film-service-5 文件读取完成 总耗时=1589毫秒  读取数据=100000条
[${project.name}][${env:SERVER_PORT}] 2023-08-31 10:55:03,343 INFO [main][StartupInfoLogger.java:55] - Starting BatchApplication on LAPTOP-E8A9G982 with PID 21460 (D:\Projects\backend3\backend\target\classes started by 18813 in D:\Projects\backend3\backend)
[${project.name}][${env:SERVER_PORT}] 2023-08-31 10:55:03,358 INFO [main][SpringApplication.java:651] - No active profile set, falling back to default profiles: default
[${project.name}][${env:SERVER_PORT}] 2023-08-31 10:55:03,822 INFO [main][RepositoryConfigurationDelegate.java:127] - Bootstrapping Spring Data JPA repositories in DEFAULT mode.
[${project.name}][${env:SERVER_PORT}] 2023-08-31 10:55:03,886 INFO [main][RepositoryConfigurationDelegate.java:187] - Finished Spring Data repository scanning in 58ms. Found 5 JPA repository interfaces.
[${project.name}][${env:SERVER_PORT}] 2023-08-31 10:55:04,260 INFO [main][TomcatWebServer.java:108] - Tomcat initialized with port(s): 8080 (http)
[${project.name}][${env:SERVER_PORT}] 2023-08-31 10:55:04,266 INFO [main][DirectJDKLog.java:173] - Initializing ProtocolHandler ["http-nio-8080"]
[${project.name}][${env:SERVER_PORT}] 2023-08-31 10:55:04,267 INFO [main][DirectJDKLog.java:173] - Starting service [Tomcat]
[${project.name}][${env:SERVER_PORT}] 2023-08-31 10:55:04,267 INFO [main][DirectJDKLog.java:173] - Starting Servlet engine: [Apache Tomcat/9.0.41]
[${project.name}][${env:SERVER_PORT}] 2023-08-31 10:55:04,460 INFO [main][DirectJDKLog.java:173] - Initializing Spring embedded WebApplicationContext
[${project.name}][${env:SERVER_PORT}] 2023-08-31 10:55:04,461 INFO [main][ServletWebServerApplicationContext.java:285] - Root WebApplicationContext: initialization completed in 1043 ms
[${project.name}][${env:SERVER_PORT}] 2023-08-31 10:55:04,498 INFO [main][DruidDataSourceAutoConfigure.java:56] - Init DruidDataSource
[${project.name}][${env:SERVER_PORT}] 2023-08-31 10:55:04,587 INFO [main][DruidDataSource.java:1002] - {dataSource-1} inited
[${project.name}][${env:SERVER_PORT}] 2023-08-31 10:55:05,513 INFO [main][LogHelper.java:31] - HHH000204: Processing PersistenceUnitInfo [name: default]
[${project.name}][${env:SERVER_PORT}] 2023-08-31 10:55:05,554 INFO [main][Version.java:44] - HHH000412: Hibernate ORM core version 5.4.25.Final
[${project.name}][${env:SERVER_PORT}] 2023-08-31 10:55:05,640 INFO [main][JavaReflectionManager.java:56] - HCANN000001: Hibernate Commons Annotations {5.1.2.Final}
[${project.name}][${env:SERVER_PORT}] 2023-08-31 10:55:05,720 INFO [main][Dialect.java:175] - HHH000400: Using dialect: org.hibernate.dialect.MySQL57Dialect
[${project.name}][${env:SERVER_PORT}] 2023-08-31 10:55:06,103 INFO [main][JtaPlatformInitiator.java:52] - HHH000490: Using JtaPlatform implementation: [org.hibernate.engine.transaction.jta.platform.internal.NoJtaPlatform]
[${project.name}][${env:SERVER_PORT}] 2023-08-31 10:55:06,110 INFO [main][AbstractEntityManagerFactoryBean.java:419] - Initialized JPA EntityManagerFactory for persistence unit 'default'
[${project.name}][${env:SERVER_PORT}] 2023-08-31 10:55:06,401 INFO [main][ExecutorConfigurationSupport.java:181] - Initializing ExecutorService
[${project.name}][${env:SERVER_PORT}] 2023-08-31 10:55:06,402 INFO [main][ExecutorConfigurationSupport.java:181] - Initializing ExecutorService 'asyncFilmService'
[${project.name}][${env:SERVER_PORT}] 2023-08-31 10:55:06,694 WARN [main][JpaBaseConfiguration.java:220] - spring.jpa.open-in-view is enabled by default. Therefore, database queries may be performed during view rendering. Explicitly configure spring.jpa.open-in-view to disable this warning
[${project.name}][${env:SERVER_PORT}] 2023-08-31 10:55:06,945 INFO [main][DirectJDKLog.java:173] - Starting ProtocolHandler ["http-nio-8080"]
[${project.name}][${env:SERVER_PORT}] 2023-08-31 10:55:06,962 INFO [main][TomcatWebServer.java:220] - Tomcat started on port(s): 8080 (http) with context path ''
[${project.name}][${env:SERVER_PORT}] 2023-08-31 10:55:06,969 INFO [main][StartupInfoLogger.java:61] - Started BatchApplication in 3.899 seconds (JVM running for 5.16)
[${project.name}][${env:SERVER_PORT}] 2023-08-31 10:55:18,519 INFO [http-nio-8080-exec-1][DirectJDKLog.java:173] - Initializing Spring DispatcherServlet 'dispatcherServlet'
[${project.name}][${env:SERVER_PORT}] 2023-08-31 10:55:18,519 INFO [http-nio-8080-exec-1][FrameworkServlet.java:525] - Initializing Servlet 'dispatcherServlet'
[${project.name}][${env:SERVER_PORT}] 2023-08-31 10:55:18,524 INFO [http-nio-8080-exec-1][FrameworkServlet.java:547] - Completed initialization in 5 ms
[${project.name}][${env:SERVER_PORT}] 2023-08-31 10:55:20,853 INFO [async-Thread-film-service-1][CheckFileThread.java:33] - 线程=async-Thread-film-service-1 文件读取完成 总耗时=1878毫秒  读取数据=100000条
[${project.name}][${env:SERVER_PORT}] 2023-08-31 10:55:22,840 INFO [async-Thread-film-service-2][CheckFileThread.java:33] - 线程=async-Thread-film-service-2 文件读取完成 总耗时=1987毫秒  读取数据=100000条
[${project.name}][${env:SERVER_PORT}] 2023-08-31 10:55:24,478 INFO [async-Thread-film-service-3][CheckFileThread.java:33] - 线程=async-Thread-film-service-3 文件读取完成 总耗时=1638毫秒  读取数据=100000条
[${project.name}][${env:SERVER_PORT}] 2023-08-31 10:55:26,134 INFO [async-Thread-film-service-4][CheckFileThread.java:33] - 线程=async-Thread-film-service-4 文件读取完成 总耗时=1655毫秒  读取数据=100000条
[${project.name}][${env:SERVER_PORT}] 2023-08-31 10:55:27,839 INFO [async-Thread-film-service-5][CheckFileThread.java:33] - 线程=async-Thread-film-service-5 文件读取完成 总耗时=1704毫秒  读取数据=100000条
[${project.name}][${env:SERVER_PORT}] 2023-08-31 10:58:50,899 INFO [main][StartupInfoLogger.java:55] - Starting BatchApplication on LAPTOP-E8A9G982 with PID 4576 (D:\Projects\backend3\backend\target\classes started by 18813 in D:\Projects\backend3\backend)
[${project.name}][${env:SERVER_PORT}] 2023-08-31 10:58:50,913 INFO [main][SpringApplication.java:651] - No active profile set, falling back to default profiles: default
[${project.name}][${env:SERVER_PORT}] 2023-08-31 10:58:51,405 INFO [main][RepositoryConfigurationDelegate.java:127] - Bootstrapping Spring Data JPA repositories in DEFAULT mode.
[${project.name}][${env:SERVER_PORT}] 2023-08-31 10:58:51,467 INFO [main][RepositoryConfigurationDelegate.java:187] - Finished Spring Data repository scanning in 57ms. Found 5 JPA repository interfaces.
[${project.name}][${env:SERVER_PORT}] 2023-08-31 10:58:51,846 INFO [main][TomcatWebServer.java:108] - Tomcat initialized with port(s): 8080 (http)
[${project.name}][${env:SERVER_PORT}] 2023-08-31 10:58:51,852 INFO [main][DirectJDKLog.java:173] - Initializing ProtocolHandler ["http-nio-8080"]
[${project.name}][${env:SERVER_PORT}] 2023-08-31 10:58:51,853 INFO [main][DirectJDKLog.java:173] - Starting service [Tomcat]
[${project.name}][${env:SERVER_PORT}] 2023-08-31 10:58:51,853 INFO [main][DirectJDKLog.java:173] - Starting Servlet engine: [Apache Tomcat/9.0.41]
[${project.name}][${env:SERVER_PORT}] 2023-08-31 10:58:51,988 INFO [main][DirectJDKLog.java:173] - Initializing Spring embedded WebApplicationContext
[${project.name}][${env:SERVER_PORT}] 2023-08-31 10:58:51,989 INFO [main][ServletWebServerApplicationContext.java:285] - Root WebApplicationContext: initialization completed in 1006 ms
[${project.name}][${env:SERVER_PORT}] 2023-08-31 10:58:52,024 INFO [main][DruidDataSourceAutoConfigure.java:56] - Init DruidDataSource
[${project.name}][${env:SERVER_PORT}] 2023-08-31 10:58:52,115 INFO [main][DruidDataSource.java:1002] - {dataSource-1} inited
[${project.name}][${env:SERVER_PORT}] 2023-08-31 10:58:53,357 INFO [main][LogHelper.java:31] - HHH000204: Processing PersistenceUnitInfo [name: default]
[${project.name}][${env:SERVER_PORT}] 2023-08-31 10:58:53,399 INFO [main][Version.java:44] - HHH000412: Hibernate ORM core version 5.4.25.Final
[${project.name}][${env:SERVER_PORT}] 2023-08-31 10:58:53,487 INFO [main][JavaReflectionManager.java:56] - HCANN000001: Hibernate Commons Annotations {5.1.2.Final}
[${project.name}][${env:SERVER_PORT}] 2023-08-31 10:58:53,567 INFO [main][Dialect.java:175] - HHH000400: Using dialect: org.hibernate.dialect.MySQL57Dialect
[${project.name}][${env:SERVER_PORT}] 2023-08-31 10:58:53,963 INFO [main][JtaPlatformInitiator.java:52] - HHH000490: Using JtaPlatform implementation: [org.hibernate.engine.transaction.jta.platform.internal.NoJtaPlatform]
[${project.name}][${env:SERVER_PORT}] 2023-08-31 10:58:53,970 INFO [main][AbstractEntityManagerFactoryBean.java:419] - Initialized JPA EntityManagerFactory for persistence unit 'default'
[${project.name}][${env:SERVER_PORT}] 2023-08-31 10:58:54,261 INFO [main][ExecutorConfigurationSupport.java:181] - Initializing ExecutorService
[${project.name}][${env:SERVER_PORT}] 2023-08-31 10:58:54,262 INFO [main][ExecutorConfigurationSupport.java:181] - Initializing ExecutorService 'asyncFilmService'
[${project.name}][${env:SERVER_PORT}] 2023-08-31 10:58:54,576 WARN [main][JpaBaseConfiguration.java:220] - spring.jpa.open-in-view is enabled by default. Therefore, database queries may be performed during view rendering. Explicitly configure spring.jpa.open-in-view to disable this warning
[${project.name}][${env:SERVER_PORT}] 2023-08-31 10:58:54,819 INFO [main][DirectJDKLog.java:173] - Starting ProtocolHandler ["http-nio-8080"]
[${project.name}][${env:SERVER_PORT}] 2023-08-31 10:58:54,837 INFO [main][TomcatWebServer.java:220] - Tomcat started on port(s): 8080 (http) with context path ''
[${project.name}][${env:SERVER_PORT}] 2023-08-31 10:58:54,844 INFO [main][StartupInfoLogger.java:61] - Started BatchApplication in 4.267 seconds (JVM running for 5.496)
[${project.name}][${env:SERVER_PORT}] 2023-08-31 10:59:12,452 INFO [http-nio-8080-exec-1][DirectJDKLog.java:173] - Initializing Spring DispatcherServlet 'dispatcherServlet'
[${project.name}][${env:SERVER_PORT}] 2023-08-31 10:59:12,452 INFO [http-nio-8080-exec-1][FrameworkServlet.java:525] - Initializing Servlet 'dispatcherServlet'
[${project.name}][${env:SERVER_PORT}] 2023-08-31 10:59:12,459 INFO [http-nio-8080-exec-1][FrameworkServlet.java:547] - Completed initialization in 7 ms
